<?xml version="1.0" encoding="UTF-8"?>
<testsuite xmlns:xsi="http://www.w3.org/2001/XMLSchema-instance" xsi:noNamespaceSchemaLocation="https://maven.apache.org/surefire/maven-surefire-plugin/xsd/surefire-test-report-3.0.xsd" version="3.0" name="com.qiaopi.QiaopiServerApplicationTests" time="1.469" tests="1" errors="1" skipped="0" failures="0">
  <properties>
    <property name="java.specification.version" value="17"/>
    <property name="sun.cpu.isalist" value="amd64"/>
    <property name="sun.jnu.encoding" value="GBK"/>
    <property name="java.class.path" value="D:\A_IDE\Code\items\Qiaopi\Qiaopi-server\target\test-classes;D:\A_IDE\Code\items\Qiaopi\Qiaopi-server\target\classes;D:\A_IDE\JavaTools\Maven\apache-maven\mvn_repo\org\springframework\boot\spring-boot-starter-web\3.3.3\spring-boot-starter-web-3.3.3.jar;D:\A_IDE\JavaTools\Maven\apache-maven\mvn_repo\org\springframework\boot\spring-boot-starter\3.3.3\spring-boot-starter-3.3.3.jar;D:\A_IDE\JavaTools\Maven\apache-maven\mvn_repo\org\springframework\boot\spring-boot\3.3.3\spring-boot-3.3.3.jar;D:\A_IDE\JavaTools\Maven\apache-maven\mvn_repo\org\springframework\boot\spring-boot-starter-logging\3.3.3\spring-boot-starter-logging-3.3.3.jar;D:\A_IDE\JavaTools\Maven\apache-maven\mvn_repo\ch\qos\logback\logback-classic\1.5.7\logback-classic-1.5.7.jar;D:\A_IDE\JavaTools\Maven\apache-maven\mvn_repo\ch\qos\logback\logback-core\1.5.7\logback-core-1.5.7.jar;D:\A_IDE\JavaTools\Maven\apache-maven\mvn_repo\org\apache\logging\log4j\log4j-to-slf4j\2.23.1\log4j-to-slf4j-2.23.1.jar;D:\A_IDE\JavaTools\Maven\apache-maven\mvn_repo\org\apache\logging\log4j\log4j-api\2.23.1\log4j-api-2.23.1.jar;D:\A_IDE\JavaTools\Maven\apache-maven\mvn_repo\org\slf4j\jul-to-slf4j\2.0.16\jul-to-slf4j-2.0.16.jar;D:\A_IDE\JavaTools\Maven\apache-maven\mvn_repo\jakarta\annotation\jakarta.annotation-api\2.1.1\jakarta.annotation-api-2.1.1.jar;D:\A_IDE\JavaTools\Maven\apache-maven\mvn_repo\org\yaml\snakeyaml\2.2\snakeyaml-2.2.jar;D:\A_IDE\JavaTools\Maven\apache-maven\mvn_repo\org\springframework\boot\spring-boot-starter-json\3.3.3\spring-boot-starter-json-3.3.3.jar;D:\A_IDE\JavaTools\Maven\apache-maven\mvn_repo\com\fasterxml\jackson\core\jackson-databind\2.17.2\jackson-databind-2.17.2.jar;D:\A_IDE\JavaTools\Maven\apache-maven\mvn_repo\com\fasterxml\jackson\core\jackson-annotations\2.17.2\jackson-annotations-2.17.2.jar;D:\A_IDE\JavaTools\Maven\apache-maven\mvn_repo\com\fasterxml\jackson\core\jackson-core\2.17.2\jackson-core-2.17.2.jar;D:\A_IDE\JavaTools\Maven\apache-maven\mvn_repo\com\fasterxml\jackson\datatype\jackson-datatype-jdk8\2.17.2\jackson-datatype-jdk8-2.17.2.jar;D:\A_IDE\JavaTools\Maven\apache-maven\mvn_repo\com\fasterxml\jackson\datatype\jackson-datatype-jsr310\2.17.2\jackson-datatype-jsr310-2.17.2.jar;D:\A_IDE\JavaTools\Maven\apache-maven\mvn_repo\com\fasterxml\jackson\module\jackson-module-parameter-names\2.17.2\jackson-module-parameter-names-2.17.2.jar;D:\A_IDE\JavaTools\Maven\apache-maven\mvn_repo\org\springframework\boot\spring-boot-starter-tomcat\3.3.3\spring-boot-starter-tomcat-3.3.3.jar;D:\A_IDE\JavaTools\Maven\apache-maven\mvn_repo\org\apache\tomcat\embed\tomcat-embed-core\10.1.28\tomcat-embed-core-10.1.28.jar;D:\A_IDE\JavaTools\Maven\apache-maven\mvn_repo\org\apache\tomcat\embed\tomcat-embed-el\10.1.28\tomcat-embed-el-10.1.28.jar;D:\A_IDE\JavaTools\Maven\apache-maven\mvn_repo\org\apache\tomcat\embed\tomcat-embed-websocket\10.1.28\tomcat-embed-websocket-10.1.28.jar;D:\A_IDE\JavaTools\Maven\apache-maven\mvn_repo\org\springframework\spring-web\6.1.12\spring-web-6.1.12.jar;D:\A_IDE\JavaTools\Maven\apache-maven\mvn_repo\org\springframework\spring-beans\6.1.12\spring-beans-6.1.12.jar;D:\A_IDE\JavaTools\Maven\apache-maven\mvn_repo\io\micrometer\micrometer-observation\1.13.3\micrometer-observation-1.13.3.jar;D:\A_IDE\JavaTools\Maven\apache-maven\mvn_repo\io\micrometer\micrometer-commons\1.13.3\micrometer-commons-1.13.3.jar;D:\A_IDE\JavaTools\Maven\apache-maven\mvn_repo\org\springframework\spring-webmvc\6.1.12\spring-webmvc-6.1.12.jar;D:\A_IDE\JavaTools\Maven\apache-maven\mvn_repo\org\springframework\spring-aop\6.1.12\spring-aop-6.1.12.jar;D:\A_IDE\JavaTools\Maven\apache-maven\mvn_repo\org\springframework\spring-context\6.1.12\spring-context-6.1.12.jar;D:\A_IDE\JavaTools\Maven\apache-maven\mvn_repo\org\springframework\spring-expression\6.1.12\spring-expression-6.1.12.jar;D:\A_IDE\JavaTools\Maven\apache-maven\mvn_repo\org\springframework\boot\spring-boot-starter-data-redis\3.3.3\spring-boot-starter-data-redis-3.3.3.jar;D:\A_IDE\JavaTools\Maven\apache-maven\mvn_repo\io\lettuce\lettuce-core\6.3.2.RELEASE\lettuce-core-6.3.2.RELEASE.jar;D:\A_IDE\JavaTools\Maven\apache-maven\mvn_repo\io\netty\netty-common\4.1.112.Final\netty-common-4.1.112.Final.jar;D:\A_IDE\JavaTools\Maven\apache-maven\mvn_repo\io\netty\netty-handler\4.1.112.Final\netty-handler-4.1.112.Final.jar;D:\A_IDE\JavaTools\Maven\apache-maven\mvn_repo\io\netty\netty-resolver\4.1.112.Final\netty-resolver-4.1.112.Final.jar;D:\A_IDE\JavaTools\Maven\apache-maven\mvn_repo\io\netty\netty-buffer\4.1.112.Final\netty-buffer-4.1.112.Final.jar;D:\A_IDE\JavaTools\Maven\apache-maven\mvn_repo\io\netty\netty-transport-native-unix-common\4.1.112.Final\netty-transport-native-unix-common-4.1.112.Final.jar;D:\A_IDE\JavaTools\Maven\apache-maven\mvn_repo\io\netty\netty-codec\4.1.112.Final\netty-codec-4.1.112.Final.jar;D:\A_IDE\JavaTools\Maven\apache-maven\mvn_repo\io\netty\netty-transport\4.1.112.Final\netty-transport-4.1.112.Final.jar;D:\A_IDE\JavaTools\Maven\apache-maven\mvn_repo\io\projectreactor\reactor-core\3.6.9\reactor-core-3.6.9.jar;D:\A_IDE\JavaTools\Maven\apache-maven\mvn_repo\org\reactivestreams\reactive-streams\1.0.4\reactive-streams-1.0.4.jar;D:\A_IDE\JavaTools\Maven\apache-maven\mvn_repo\org\springframework\data\spring-data-redis\3.3.3\spring-data-redis-3.3.3.jar;D:\A_IDE\JavaTools\Maven\apache-maven\mvn_repo\org\springframework\data\spring-data-keyvalue\3.3.3\spring-data-keyvalue-3.3.3.jar;D:\A_IDE\JavaTools\Maven\apache-maven\mvn_repo\org\springframework\data\spring-data-commons\3.3.3\spring-data-commons-3.3.3.jar;D:\A_IDE\JavaTools\Maven\apache-maven\mvn_repo\org\springframework\spring-tx\6.1.12\spring-tx-6.1.12.jar;D:\A_IDE\JavaTools\Maven\apache-maven\mvn_repo\org\springframework\spring-oxm\6.1.12\spring-oxm-6.1.12.jar;D:\A_IDE\JavaTools\Maven\apache-maven\mvn_repo\org\springframework\spring-context-support\6.1.12\spring-context-support-6.1.12.jar;D:\A_IDE\JavaTools\Maven\apache-maven\mvn_repo\org\slf4j\slf4j-api\2.0.16\slf4j-api-2.0.16.jar;D:\A_IDE\JavaTools\Maven\apache-maven\mvn_repo\com\mysql\mysql-connector-j\8.3.0\mysql-connector-j-8.3.0.jar;D:\A_IDE\JavaTools\Maven\apache-maven\mvn_repo\com\google\protobuf\protobuf-java\3.25.1\protobuf-java-3.25.1.jar;D:\A_IDE\JavaTools\Maven\apache-maven\mvn_repo\org\projectlombok\lombok\1.18.20\lombok-1.18.20.jar;D:\A_IDE\JavaTools\Maven\apache-maven\mvn_repo\org\springframework\boot\spring-boot-starter-test\3.3.3\spring-boot-starter-test-3.3.3.jar;D:\A_IDE\JavaTools\Maven\apache-maven\mvn_repo\org\springframework\boot\spring-boot-test\3.3.3\spring-boot-test-3.3.3.jar;D:\A_IDE\JavaTools\Maven\apache-maven\mvn_repo\org\springframework\boot\spring-boot-test-autoconfigure\3.3.3\spring-boot-test-autoconfigure-3.3.3.jar;D:\A_IDE\JavaTools\Maven\apache-maven\mvn_repo\com\jayway\jsonpath\json-path\2.9.0\json-path-2.9.0.jar;D:\A_IDE\JavaTools\Maven\apache-maven\mvn_repo\jakarta\xml\bind\jakarta.xml.bind-api\4.0.2\jakarta.xml.bind-api-4.0.2.jar;D:\A_IDE\JavaTools\Maven\apache-maven\mvn_repo\jakarta\activation\jakarta.activation-api\2.1.3\jakarta.activation-api-2.1.3.jar;D:\A_IDE\JavaTools\Maven\apache-maven\mvn_repo\net\minidev\json-smart\2.5.1\json-smart-2.5.1.jar;D:\A_IDE\JavaTools\Maven\apache-maven\mvn_repo\net\minidev\accessors-smart\2.5.1\accessors-smart-2.5.1.jar;D:\A_IDE\JavaTools\Maven\apache-maven\mvn_repo\org\ow2\asm\asm\9.6\asm-9.6.jar;D:\A_IDE\JavaTools\Maven\apache-maven\mvn_repo\org\assertj\assertj-core\3.25.3\assertj-core-3.25.3.jar;D:\A_IDE\JavaTools\Maven\apache-maven\mvn_repo\net\bytebuddy\byte-buddy\1.14.19\byte-buddy-1.14.19.jar;D:\A_IDE\JavaTools\Maven\apache-maven\mvn_repo\org\awaitility\awaitility\4.2.2\awaitility-4.2.2.jar;D:\A_IDE\JavaTools\Maven\apache-maven\mvn_repo\org\hamcrest\hamcrest\2.2\hamcrest-2.2.jar;D:\A_IDE\JavaTools\Maven\apache-maven\mvn_repo\org\junit\jupiter\junit-jupiter\5.10.3\junit-jupiter-5.10.3.jar;D:\A_IDE\JavaTools\Maven\apache-maven\mvn_repo\org\junit\jupiter\junit-jupiter-api\5.10.3\junit-jupiter-api-5.10.3.jar;D:\A_IDE\JavaTools\Maven\apache-maven\mvn_repo\org\opentest4j\opentest4j\1.3.0\opentest4j-1.3.0.jar;D:\A_IDE\JavaTools\Maven\apache-maven\mvn_repo\org\junit\platform\junit-platform-commons\1.10.3\junit-platform-commons-1.10.3.jar;D:\A_IDE\JavaTools\Maven\apache-maven\mvn_repo\org\apiguardian\apiguardian-api\1.1.2\apiguardian-api-1.1.2.jar;D:\A_IDE\JavaTools\Maven\apache-maven\mvn_repo\org\junit\jupiter\junit-jupiter-params\5.10.3\junit-jupiter-params-5.10.3.jar;D:\A_IDE\JavaTools\Maven\apache-maven\mvn_repo\org\junit\jupiter\junit-jupiter-engine\5.10.3\junit-jupiter-engine-5.10.3.jar;D:\A_IDE\JavaTools\Maven\apache-maven\mvn_repo\org\junit\platform\junit-platform-engine\1.10.3\junit-platform-engine-1.10.3.jar;D:\A_IDE\JavaTools\Maven\apache-maven\mvn_repo\org\mockito\mockito-core\5.11.0\mockito-core-5.11.0.jar;D:\A_IDE\JavaTools\Maven\apache-maven\mvn_repo\net\bytebuddy\byte-buddy-agent\1.14.19\byte-buddy-agent-1.14.19.jar;D:\A_IDE\JavaTools\Maven\apache-maven\mvn_repo\org\objenesis\objenesis\3.3\objenesis-3.3.jar;D:\A_IDE\JavaTools\Maven\apache-maven\mvn_repo\org\mockito\mockito-junit-jupiter\5.11.0\mockito-junit-jupiter-5.11.0.jar;D:\A_IDE\JavaTools\Maven\apache-maven\mvn_repo\org\skyscreamer\jsonassert\1.5.3\jsonassert-1.5.3.jar;D:\A_IDE\JavaTools\Maven\apache-maven\mvn_repo\com\vaadin\external\google\android-json\0.0.20131108.vaadin1\android-json-0.0.20131108.vaadin1.jar;D:\A_IDE\JavaTools\Maven\apache-maven\mvn_repo\org\springframework\spring-core\6.1.12\spring-core-6.1.12.jar;D:\A_IDE\JavaTools\Maven\apache-maven\mvn_repo\org\springframework\spring-jcl\6.1.12\spring-jcl-6.1.12.jar;D:\A_IDE\JavaTools\Maven\apache-maven\mvn_repo\org\springframework\spring-test\6.1.12\spring-test-6.1.12.jar;D:\A_IDE\JavaTools\Maven\apache-maven\mvn_repo\org\xmlunit\xmlunit-core\2.9.1\xmlunit-core-2.9.1.jar;D:\A_IDE\JavaTools\Maven\apache-maven\mvn_repo\com\baomidou\mybatis-plus-boot-starter\3.5.7\mybatis-plus-boot-starter-3.5.7.jar;D:\A_IDE\JavaTools\Maven\apache-maven\mvn_repo\com\baomidou\mybatis-plus\3.5.7\mybatis-plus-3.5.7.jar;D:\A_IDE\JavaTools\Maven\apache-maven\mvn_repo\com\baomidou\mybatis-plus-core\3.5.7\mybatis-plus-core-3.5.7.jar;D:\A_IDE\JavaTools\Maven\apache-maven\mvn_repo\com\baomidou\mybatis-plus-annotation\3.5.7\mybatis-plus-annotation-3.5.7.jar;D:\A_IDE\JavaTools\Maven\apache-maven\mvn_repo\com\baomidou\mybatis-plus-extension\3.5.7\mybatis-plus-extension-3.5.7.jar;D:\A_IDE\JavaTools\Maven\apache-maven\mvn_repo\org\mybatis\mybatis\3.5.16\mybatis-3.5.16.jar;D:\A_IDE\JavaTools\Maven\apache-maven\mvn_repo\com\github\jsqlparser\jsqlparser\4.9\jsqlparser-4.9.jar;D:\A_IDE\JavaTools\Maven\apache-maven\mvn_repo\org\mybatis\mybatis-spring\2.1.2\mybatis-spring-2.1.2.jar;D:\A_IDE\JavaTools\Maven\apache-maven\mvn_repo\com\baomidou\mybatis-plus-spring-boot-autoconfigure\3.5.7\mybatis-plus-spring-boot-autoconfigure-3.5.7.jar;D:\A_IDE\JavaTools\Maven\apache-maven\mvn_repo\org\springframework\boot\spring-boot-autoconfigure\3.3.3\spring-boot-autoconfigure-3.3.3.jar;D:\A_IDE\JavaTools\Maven\apache-maven\mvn_repo\org\springframework\boot\spring-boot-starter-jdbc\3.3.3\spring-boot-starter-jdbc-3.3.3.jar;D:\A_IDE\JavaTools\Maven\apache-maven\mvn_repo\com\zaxxer\HikariCP\5.1.0\HikariCP-5.1.0.jar;D:\A_IDE\JavaTools\Maven\apache-maven\mvn_repo\org\springframework\spring-jdbc\6.1.12\spring-jdbc-6.1.12.jar;D:\A_IDE\JavaTools\Maven\apache-maven\mvn_repo\com\alibaba\druid\1.2.23\druid-1.2.23.jar;D:\A_IDE\JavaTools\Maven\apache-maven\mvn_repo\com\github\xiaoymin\knife4j-spring-boot-starter\3.0.2\knife4j-spring-boot-starter-3.0.2.jar;D:\A_IDE\JavaTools\Maven\apache-maven\mvn_repo\com\github\xiaoymin\knife4j-spring-boot-autoconfigure\3.0.2\knife4j-spring-boot-autoconfigure-3.0.2.jar;D:\A_IDE\JavaTools\Maven\apache-maven\mvn_repo\com\github\xiaoymin\knife4j-spring\3.0.2\knife4j-spring-3.0.2.jar;D:\A_IDE\JavaTools\Maven\apache-maven\mvn_repo\com\github\xiaoymin\knife4j-annotations\3.0.2\knife4j-annotations-3.0.2.jar;D:\A_IDE\JavaTools\Maven\apache-maven\mvn_repo\io\swagger\swagger-annotations\1.5.22\swagger-annotations-1.5.22.jar;D:\A_IDE\JavaTools\Maven\apache-maven\mvn_repo\io\swagger\core\v3\swagger-annotations\2.1.2\swagger-annotations-2.1.2.jar;D:\A_IDE\JavaTools\Maven\apache-maven\mvn_repo\com\github\xiaoymin\knife4j-core\3.0.2\knife4j-core-3.0.2.jar;D:\A_IDE\JavaTools\Maven\apache-maven\mvn_repo\org\javassist\javassist\3.25.0-GA\javassist-3.25.0-GA.jar;D:\A_IDE\JavaTools\Maven\apache-maven\mvn_repo\io\springfox\springfox-swagger2\3.0.0\springfox-swagger2-3.0.0.jar;D:\A_IDE\JavaTools\Maven\apache-maven\mvn_repo\io\springfox\springfox-spi\3.0.0\springfox-spi-3.0.0.jar;D:\A_IDE\JavaTools\Maven\apache-maven\mvn_repo\io\springfox\springfox-schema\3.0.0\springfox-schema-3.0.0.jar;D:\A_IDE\JavaTools\Maven\apache-maven\mvn_repo\io\springfox\springfox-swagger-common\3.0.0\springfox-swagger-common-3.0.0.jar;D:\A_IDE\JavaTools\Maven\apache-maven\mvn_repo\io\springfox\springfox-spring-web\3.0.0\springfox-spring-web-3.0.0.jar;D:\A_IDE\JavaTools\Maven\apache-maven\mvn_repo\io\github\classgraph\classgraph\4.8.83\classgraph-4.8.83.jar;D:\A_IDE\JavaTools\Maven\apache-maven\mvn_repo\io\springfox\springfox-spring-webflux\3.0.0\springfox-spring-webflux-3.0.0.jar;D:\A_IDE\JavaTools\Maven\apache-maven\mvn_repo\org\mapstruct\mapstruct\1.3.1.Final\mapstruct-1.3.1.Final.jar;D:\A_IDE\JavaTools\Maven\apache-maven\mvn_repo\io\springfox\springfox-spring-webmvc\3.0.0\springfox-spring-webmvc-3.0.0.jar;D:\A_IDE\JavaTools\Maven\apache-maven\mvn_repo\io\springfox\springfox-core\3.0.0\springfox-core-3.0.0.jar;D:\A_IDE\JavaTools\Maven\apache-maven\mvn_repo\io\springfox\springfox-oas\3.0.0\springfox-oas-3.0.0.jar;D:\A_IDE\JavaTools\Maven\apache-maven\mvn_repo\io\swagger\core\v3\swagger-models\2.1.2\swagger-models-2.1.2.jar;D:\A_IDE\JavaTools\Maven\apache-maven\mvn_repo\io\springfox\springfox-bean-validators\3.0.0\springfox-bean-validators-3.0.0.jar;D:\A_IDE\JavaTools\Maven\apache-maven\mvn_repo\io\swagger\swagger-models\1.5.22\swagger-models-1.5.22.jar;D:\A_IDE\JavaTools\Maven\apache-maven\mvn_repo\io\swagger\swagger-core\1.5.22\swagger-core-1.5.22.jar;D:\A_IDE\JavaTools\Maven\apache-maven\mvn_repo\org\apache\commons\commons-lang3\3.14.0\commons-lang3-3.14.0.jar;D:\A_IDE\JavaTools\Maven\apache-maven\mvn_repo\com\fasterxml\jackson\dataformat\jackson-dataformat-yaml\2.17.2\jackson-dataformat-yaml-2.17.2.jar;D:\A_IDE\JavaTools\Maven\apache-maven\mvn_repo\com\google\guava\guava\27.0.1-android\guava-27.0.1-android.jar;D:\A_IDE\JavaTools\Maven\apache-maven\mvn_repo\com\google\guava\failureaccess\1.0.1\failureaccess-1.0.1.jar;D:\A_IDE\JavaTools\Maven\apache-maven\mvn_repo\com\google\guava\listenablefuture\9999.0-empty-to-avoid-conflict-with-guava\listenablefuture-9999.0-empty-to-avoid-conflict-with-guava.jar;D:\A_IDE\JavaTools\Maven\apache-maven\mvn_repo\com\google\code\findbugs\jsr305\3.0.2\jsr305-3.0.2.jar;D:\A_IDE\JavaTools\Maven\apache-maven\mvn_repo\org\checkerframework\checker-compat-qual\2.5.2\checker-compat-qual-2.5.2.jar;D:\A_IDE\JavaTools\Maven\apache-maven\mvn_repo\com\google\errorprone\error_prone_annotations\2.2.0\error_prone_annotations-2.2.0.jar;D:\A_IDE\JavaTools\Maven\apache-maven\mvn_repo\com\google\j2objc\j2objc-annotations\1.1\j2objc-annotations-1.1.jar;D:\A_IDE\JavaTools\Maven\apache-maven\mvn_repo\org\codehaus\mojo\animal-sniffer-annotations\1.17\animal-sniffer-annotations-1.17.jar;D:\A_IDE\JavaTools\Maven\apache-maven\mvn_repo\javax\validation\validation-api\1.1.0.Final\validation-api-1.1.0.Final.jar;D:\A_IDE\JavaTools\Maven\apache-maven\mvn_repo\io\springfox\springfox-boot-starter\3.0.0\springfox-boot-starter-3.0.0.jar;D:\A_IDE\JavaTools\Maven\apache-maven\mvn_repo\io\springfox\springfox-data-rest\3.0.0\springfox-data-rest-3.0.0.jar;D:\A_IDE\JavaTools\Maven\apache-maven\mvn_repo\com\fasterxml\classmate\1.7.0\classmate-1.7.0.jar;D:\A_IDE\JavaTools\Maven\apache-maven\mvn_repo\org\springframework\plugin\spring-plugin-core\2.0.0.RELEASE\spring-plugin-core-2.0.0.RELEASE.jar;D:\A_IDE\JavaTools\Maven\apache-maven\mvn_repo\org\springframework\plugin\spring-plugin-metadata\2.0.0.RELEASE\spring-plugin-metadata-2.0.0.RELEASE.jar;D:\A_IDE\JavaTools\Maven\apache-maven\mvn_repo\com\github\xiaoymin\knife4j-spring-ui\3.0.2\knife4j-spring-ui-3.0.2.jar;D:\A_IDE\JavaTools\Maven\apache-maven\mvn_repo\cn\hutool\hutool-all\5.8.25\hutool-all-5.8.25.jar;D:\A_IDE\Code\items\Qiaopi\Qiaopi-pojo\target\Qiaopi-pojo-0.0.1-SNAPSHOT.jar;D:\A_IDE\Code\items\Qiaopi\Qiaopi-common\target\Qiaopi-common-0.0.1-SNAPSHOT.jar;"/>
    <property name="java.vm.vendor" value="Oracle Corporation"/>
    <property name="sun.arch.data.model" value="64"/>
    <property name="user.variant" value=""/>
    <property name="java.vendor.url" value="https://java.oracle.com/"/>
    <property name="user.timezone" value="GMT+08:00"/>
    <property name="os.name" value="Windows 11"/>
    <property name="java.vm.specification.version" value="17"/>
    <property name="sun.java.launcher" value="SUN_STANDARD"/>
    <property name="user.country" value="CN"/>
    <property name="sun.boot.library.path" value="D:\A_IDE\JDK17\bin"/>
    <property name="sun.java.command" value="C:\Users\Abin\AppData\Local\Temp\surefire2067003353830786006\surefirebooter-20240916023339933_3.jar C:\Users\Abin\AppData\Local\Temp\surefire2067003353830786006 2024-09-16T02-33-35_628-jvmRun1 surefire-20240916023339933_1tmp surefire_0-20240916023339933_2tmp"/>
    <property name="jdk.debug" value="release"/>
    <property name="surefire.test.class.path" value="D:\A_IDE\Code\items\Qiaopi\Qiaopi-server\target\test-classes;D:\A_IDE\Code\items\Qiaopi\Qiaopi-server\target\classes;D:\A_IDE\JavaTools\Maven\apache-maven\mvn_repo\org\springframework\boot\spring-boot-starter-web\3.3.3\spring-boot-starter-web-3.3.3.jar;D:\A_IDE\JavaTools\Maven\apache-maven\mvn_repo\org\springframework\boot\spring-boot-starter\3.3.3\spring-boot-starter-3.3.3.jar;D:\A_IDE\JavaTools\Maven\apache-maven\mvn_repo\org\springframework\boot\spring-boot\3.3.3\spring-boot-3.3.3.jar;D:\A_IDE\JavaTools\Maven\apache-maven\mvn_repo\org\springframework\boot\spring-boot-starter-logging\3.3.3\spring-boot-starter-logging-3.3.3.jar;D:\A_IDE\JavaTools\Maven\apache-maven\mvn_repo\ch\qos\logback\logback-classic\1.5.7\logback-classic-1.5.7.jar;D:\A_IDE\JavaTools\Maven\apache-maven\mvn_repo\ch\qos\logback\logback-core\1.5.7\logback-core-1.5.7.jar;D:\A_IDE\JavaTools\Maven\apache-maven\mvn_repo\org\apache\logging\log4j\log4j-to-slf4j\2.23.1\log4j-to-slf4j-2.23.1.jar;D:\A_IDE\JavaTools\Maven\apache-maven\mvn_repo\org\apache\logging\log4j\log4j-api\2.23.1\log4j-api-2.23.1.jar;D:\A_IDE\JavaTools\Maven\apache-maven\mvn_repo\org\slf4j\jul-to-slf4j\2.0.16\jul-to-slf4j-2.0.16.jar;D:\A_IDE\JavaTools\Maven\apache-maven\mvn_repo\jakarta\annotation\jakarta.annotation-api\2.1.1\jakarta.annotation-api-2.1.1.jar;D:\A_IDE\JavaTools\Maven\apache-maven\mvn_repo\org\yaml\snakeyaml\2.2\snakeyaml-2.2.jar;D:\A_IDE\JavaTools\Maven\apache-maven\mvn_repo\org\springframework\boot\spring-boot-starter-json\3.3.3\spring-boot-starter-json-3.3.3.jar;D:\A_IDE\JavaTools\Maven\apache-maven\mvn_repo\com\fasterxml\jackson\core\jackson-databind\2.17.2\jackson-databind-2.17.2.jar;D:\A_IDE\JavaTools\Maven\apache-maven\mvn_repo\com\fasterxml\jackson\core\jackson-annotations\2.17.2\jackson-annotations-2.17.2.jar;D:\A_IDE\JavaTools\Maven\apache-maven\mvn_repo\com\fasterxml\jackson\core\jackson-core\2.17.2\jackson-core-2.17.2.jar;D:\A_IDE\JavaTools\Maven\apache-maven\mvn_repo\com\fasterxml\jackson\datatype\jackson-datatype-jdk8\2.17.2\jackson-datatype-jdk8-2.17.2.jar;D:\A_IDE\JavaTools\Maven\apache-maven\mvn_repo\com\fasterxml\jackson\datatype\jackson-datatype-jsr310\2.17.2\jackson-datatype-jsr310-2.17.2.jar;D:\A_IDE\JavaTools\Maven\apache-maven\mvn_repo\com\fasterxml\jackson\module\jackson-module-parameter-names\2.17.2\jackson-module-parameter-names-2.17.2.jar;D:\A_IDE\JavaTools\Maven\apache-maven\mvn_repo\org\springframework\boot\spring-boot-starter-tomcat\3.3.3\spring-boot-starter-tomcat-3.3.3.jar;D:\A_IDE\JavaTools\Maven\apache-maven\mvn_repo\org\apache\tomcat\embed\tomcat-embed-core\10.1.28\tomcat-embed-core-10.1.28.jar;D:\A_IDE\JavaTools\Maven\apache-maven\mvn_repo\org\apache\tomcat\embed\tomcat-embed-el\10.1.28\tomcat-embed-el-10.1.28.jar;D:\A_IDE\JavaTools\Maven\apache-maven\mvn_repo\org\apache\tomcat\embed\tomcat-embed-websocket\10.1.28\tomcat-embed-websocket-10.1.28.jar;D:\A_IDE\JavaTools\Maven\apache-maven\mvn_repo\org\springframework\spring-web\6.1.12\spring-web-6.1.12.jar;D:\A_IDE\JavaTools\Maven\apache-maven\mvn_repo\org\springframework\spring-beans\6.1.12\spring-beans-6.1.12.jar;D:\A_IDE\JavaTools\Maven\apache-maven\mvn_repo\io\micrometer\micrometer-observation\1.13.3\micrometer-observation-1.13.3.jar;D:\A_IDE\JavaTools\Maven\apache-maven\mvn_repo\io\micrometer\micrometer-commons\1.13.3\micrometer-commons-1.13.3.jar;D:\A_IDE\JavaTools\Maven\apache-maven\mvn_repo\org\springframework\spring-webmvc\6.1.12\spring-webmvc-6.1.12.jar;D:\A_IDE\JavaTools\Maven\apache-maven\mvn_repo\org\springframework\spring-aop\6.1.12\spring-aop-6.1.12.jar;D:\A_IDE\JavaTools\Maven\apache-maven\mvn_repo\org\springframework\spring-context\6.1.12\spring-context-6.1.12.jar;D:\A_IDE\JavaTools\Maven\apache-maven\mvn_repo\org\springframework\spring-expression\6.1.12\spring-expression-6.1.12.jar;D:\A_IDE\JavaTools\Maven\apache-maven\mvn_repo\org\springframework\boot\spring-boot-starter-data-redis\3.3.3\spring-boot-starter-data-redis-3.3.3.jar;D:\A_IDE\JavaTools\Maven\apache-maven\mvn_repo\io\lettuce\lettuce-core\6.3.2.RELEASE\lettuce-core-6.3.2.RELEASE.jar;D:\A_IDE\JavaTools\Maven\apache-maven\mvn_repo\io\netty\netty-common\4.1.112.Final\netty-common-4.1.112.Final.jar;D:\A_IDE\JavaTools\Maven\apache-maven\mvn_repo\io\netty\netty-handler\4.1.112.Final\netty-handler-4.1.112.Final.jar;D:\A_IDE\JavaTools\Maven\apache-maven\mvn_repo\io\netty\netty-resolver\4.1.112.Final\netty-resolver-4.1.112.Final.jar;D:\A_IDE\JavaTools\Maven\apache-maven\mvn_repo\io\netty\netty-buffer\4.1.112.Final\netty-buffer-4.1.112.Final.jar;D:\A_IDE\JavaTools\Maven\apache-maven\mvn_repo\io\netty\netty-transport-native-unix-common\4.1.112.Final\netty-transport-native-unix-common-4.1.112.Final.jar;D:\A_IDE\JavaTools\Maven\apache-maven\mvn_repo\io\netty\netty-codec\4.1.112.Final\netty-codec-4.1.112.Final.jar;D:\A_IDE\JavaTools\Maven\apache-maven\mvn_repo\io\netty\netty-transport\4.1.112.Final\netty-transport-4.1.112.Final.jar;D:\A_IDE\JavaTools\Maven\apache-maven\mvn_repo\io\projectreactor\reactor-core\3.6.9\reactor-core-3.6.9.jar;D:\A_IDE\JavaTools\Maven\apache-maven\mvn_repo\org\reactivestreams\reactive-streams\1.0.4\reactive-streams-1.0.4.jar;D:\A_IDE\JavaTools\Maven\apache-maven\mvn_repo\org\springframework\data\spring-data-redis\3.3.3\spring-data-redis-3.3.3.jar;D:\A_IDE\JavaTools\Maven\apache-maven\mvn_repo\org\springframework\data\spring-data-keyvalue\3.3.3\spring-data-keyvalue-3.3.3.jar;D:\A_IDE\JavaTools\Maven\apache-maven\mvn_repo\org\springframework\data\spring-data-commons\3.3.3\spring-data-commons-3.3.3.jar;D:\A_IDE\JavaTools\Maven\apache-maven\mvn_repo\org\springframework\spring-tx\6.1.12\spring-tx-6.1.12.jar;D:\A_IDE\JavaTools\Maven\apache-maven\mvn_repo\org\springframework\spring-oxm\6.1.12\spring-oxm-6.1.12.jar;D:\A_IDE\JavaTools\Maven\apache-maven\mvn_repo\org\springframework\spring-context-support\6.1.12\spring-context-support-6.1.12.jar;D:\A_IDE\JavaTools\Maven\apache-maven\mvn_repo\org\slf4j\slf4j-api\2.0.16\slf4j-api-2.0.16.jar;D:\A_IDE\JavaTools\Maven\apache-maven\mvn_repo\com\mysql\mysql-connector-j\8.3.0\mysql-connector-j-8.3.0.jar;D:\A_IDE\JavaTools\Maven\apache-maven\mvn_repo\com\google\protobuf\protobuf-java\3.25.1\protobuf-java-3.25.1.jar;D:\A_IDE\JavaTools\Maven\apache-maven\mvn_repo\org\projectlombok\lombok\1.18.20\lombok-1.18.20.jar;D:\A_IDE\JavaTools\Maven\apache-maven\mvn_repo\org\springframework\boot\spring-boot-starter-test\3.3.3\spring-boot-starter-test-3.3.3.jar;D:\A_IDE\JavaTools\Maven\apache-maven\mvn_repo\org\springframework\boot\spring-boot-test\3.3.3\spring-boot-test-3.3.3.jar;D:\A_IDE\JavaTools\Maven\apache-maven\mvn_repo\org\springframework\boot\spring-boot-test-autoconfigure\3.3.3\spring-boot-test-autoconfigure-3.3.3.jar;D:\A_IDE\JavaTools\Maven\apache-maven\mvn_repo\com\jayway\jsonpath\json-path\2.9.0\json-path-2.9.0.jar;D:\A_IDE\JavaTools\Maven\apache-maven\mvn_repo\jakarta\xml\bind\jakarta.xml.bind-api\4.0.2\jakarta.xml.bind-api-4.0.2.jar;D:\A_IDE\JavaTools\Maven\apache-maven\mvn_repo\jakarta\activation\jakarta.activation-api\2.1.3\jakarta.activation-api-2.1.3.jar;D:\A_IDE\JavaTools\Maven\apache-maven\mvn_repo\net\minidev\json-smart\2.5.1\json-smart-2.5.1.jar;D:\A_IDE\JavaTools\Maven\apache-maven\mvn_repo\net\minidev\accessors-smart\2.5.1\accessors-smart-2.5.1.jar;D:\A_IDE\JavaTools\Maven\apache-maven\mvn_repo\org\ow2\asm\asm\9.6\asm-9.6.jar;D:\A_IDE\JavaTools\Maven\apache-maven\mvn_repo\org\assertj\assertj-core\3.25.3\assertj-core-3.25.3.jar;D:\A_IDE\JavaTools\Maven\apache-maven\mvn_repo\net\bytebuddy\byte-buddy\1.14.19\byte-buddy-1.14.19.jar;D:\A_IDE\JavaTools\Maven\apache-maven\mvn_repo\org\awaitility\awaitility\4.2.2\awaitility-4.2.2.jar;D:\A_IDE\JavaTools\Maven\apache-maven\mvn_repo\org\hamcrest\hamcrest\2.2\hamcrest-2.2.jar;D:\A_IDE\JavaTools\Maven\apache-maven\mvn_repo\org\junit\jupiter\junit-jupiter\5.10.3\junit-jupiter-5.10.3.jar;D:\A_IDE\JavaTools\Maven\apache-maven\mvn_repo\org\junit\jupiter\junit-jupiter-api\5.10.3\junit-jupiter-api-5.10.3.jar;D:\A_IDE\JavaTools\Maven\apache-maven\mvn_repo\org\opentest4j\opentest4j\1.3.0\opentest4j-1.3.0.jar;D:\A_IDE\JavaTools\Maven\apache-maven\mvn_repo\org\junit\platform\junit-platform-commons\1.10.3\junit-platform-commons-1.10.3.jar;D:\A_IDE\JavaTools\Maven\apache-maven\mvn_repo\org\apiguardian\apiguardian-api\1.1.2\apiguardian-api-1.1.2.jar;D:\A_IDE\JavaTools\Maven\apache-maven\mvn_repo\org\junit\jupiter\junit-jupiter-params\5.10.3\junit-jupiter-params-5.10.3.jar;D:\A_IDE\JavaTools\Maven\apache-maven\mvn_repo\org\junit\jupiter\junit-jupiter-engine\5.10.3\junit-jupiter-engine-5.10.3.jar;D:\A_IDE\JavaTools\Maven\apache-maven\mvn_repo\org\junit\platform\junit-platform-engine\1.10.3\junit-platform-engine-1.10.3.jar;D:\A_IDE\JavaTools\Maven\apache-maven\mvn_repo\org\mockito\mockito-core\5.11.0\mockito-core-5.11.0.jar;D:\A_IDE\JavaTools\Maven\apache-maven\mvn_repo\net\bytebuddy\byte-buddy-agent\1.14.19\byte-buddy-agent-1.14.19.jar;D:\A_IDE\JavaTools\Maven\apache-maven\mvn_repo\org\objenesis\objenesis\3.3\objenesis-3.3.jar;D:\A_IDE\JavaTools\Maven\apache-maven\mvn_repo\org\mockito\mockito-junit-jupiter\5.11.0\mockito-junit-jupiter-5.11.0.jar;D:\A_IDE\JavaTools\Maven\apache-maven\mvn_repo\org\skyscreamer\jsonassert\1.5.3\jsonassert-1.5.3.jar;D:\A_IDE\JavaTools\Maven\apache-maven\mvn_repo\com\vaadin\external\google\android-json\0.0.20131108.vaadin1\android-json-0.0.20131108.vaadin1.jar;D:\A_IDE\JavaTools\Maven\apache-maven\mvn_repo\org\springframework\spring-core\6.1.12\spring-core-6.1.12.jar;D:\A_IDE\JavaTools\Maven\apache-maven\mvn_repo\org\springframework\spring-jcl\6.1.12\spring-jcl-6.1.12.jar;D:\A_IDE\JavaTools\Maven\apache-maven\mvn_repo\org\springframework\spring-test\6.1.12\spring-test-6.1.12.jar;D:\A_IDE\JavaTools\Maven\apache-maven\mvn_repo\org\xmlunit\xmlunit-core\2.9.1\xmlunit-core-2.9.1.jar;D:\A_IDE\JavaTools\Maven\apache-maven\mvn_repo\com\baomidou\mybatis-plus-boot-starter\3.5.7\mybatis-plus-boot-starter-3.5.7.jar;D:\A_IDE\JavaTools\Maven\apache-maven\mvn_repo\com\baomidou\mybatis-plus\3.5.7\mybatis-plus-3.5.7.jar;D:\A_IDE\JavaTools\Maven\apache-maven\mvn_repo\com\baomidou\mybatis-plus-core\3.5.7\mybatis-plus-core-3.5.7.jar;D:\A_IDE\JavaTools\Maven\apache-maven\mvn_repo\com\baomidou\mybatis-plus-annotation\3.5.7\mybatis-plus-annotation-3.5.7.jar;D:\A_IDE\JavaTools\Maven\apache-maven\mvn_repo\com\baomidou\mybatis-plus-extension\3.5.7\mybatis-plus-extension-3.5.7.jar;D:\A_IDE\JavaTools\Maven\apache-maven\mvn_repo\org\mybatis\mybatis\3.5.16\mybatis-3.5.16.jar;D:\A_IDE\JavaTools\Maven\apache-maven\mvn_repo\com\github\jsqlparser\jsqlparser\4.9\jsqlparser-4.9.jar;D:\A_IDE\JavaTools\Maven\apache-maven\mvn_repo\org\mybatis\mybatis-spring\2.1.2\mybatis-spring-2.1.2.jar;D:\A_IDE\JavaTools\Maven\apache-maven\mvn_repo\com\baomidou\mybatis-plus-spring-boot-autoconfigure\3.5.7\mybatis-plus-spring-boot-autoconfigure-3.5.7.jar;D:\A_IDE\JavaTools\Maven\apache-maven\mvn_repo\org\springframework\boot\spring-boot-autoconfigure\3.3.3\spring-boot-autoconfigure-3.3.3.jar;D:\A_IDE\JavaTools\Maven\apache-maven\mvn_repo\org\springframework\boot\spring-boot-starter-jdbc\3.3.3\spring-boot-starter-jdbc-3.3.3.jar;D:\A_IDE\JavaTools\Maven\apache-maven\mvn_repo\com\zaxxer\HikariCP\5.1.0\HikariCP-5.1.0.jar;D:\A_IDE\JavaTools\Maven\apache-maven\mvn_repo\org\springframework\spring-jdbc\6.1.12\spring-jdbc-6.1.12.jar;D:\A_IDE\JavaTools\Maven\apache-maven\mvn_repo\com\alibaba\druid\1.2.23\druid-1.2.23.jar;D:\A_IDE\JavaTools\Maven\apache-maven\mvn_repo\com\github\xiaoymin\knife4j-spring-boot-starter\3.0.2\knife4j-spring-boot-starter-3.0.2.jar;D:\A_IDE\JavaTools\Maven\apache-maven\mvn_repo\com\github\xiaoymin\knife4j-spring-boot-autoconfigure\3.0.2\knife4j-spring-boot-autoconfigure-3.0.2.jar;D:\A_IDE\JavaTools\Maven\apache-maven\mvn_repo\com\github\xiaoymin\knife4j-spring\3.0.2\knife4j-spring-3.0.2.jar;D:\A_IDE\JavaTools\Maven\apache-maven\mvn_repo\com\github\xiaoymin\knife4j-annotations\3.0.2\knife4j-annotations-3.0.2.jar;D:\A_IDE\JavaTools\Maven\apache-maven\mvn_repo\io\swagger\swagger-annotations\1.5.22\swagger-annotations-1.5.22.jar;D:\A_IDE\JavaTools\Maven\apache-maven\mvn_repo\io\swagger\core\v3\swagger-annotations\2.1.2\swagger-annotations-2.1.2.jar;D:\A_IDE\JavaTools\Maven\apache-maven\mvn_repo\com\github\xiaoymin\knife4j-core\3.0.2\knife4j-core-3.0.2.jar;D:\A_IDE\JavaTools\Maven\apache-maven\mvn_repo\org\javassist\javassist\3.25.0-GA\javassist-3.25.0-GA.jar;D:\A_IDE\JavaTools\Maven\apache-maven\mvn_repo\io\springfox\springfox-swagger2\3.0.0\springfox-swagger2-3.0.0.jar;D:\A_IDE\JavaTools\Maven\apache-maven\mvn_repo\io\springfox\springfox-spi\3.0.0\springfox-spi-3.0.0.jar;D:\A_IDE\JavaTools\Maven\apache-maven\mvn_repo\io\springfox\springfox-schema\3.0.0\springfox-schema-3.0.0.jar;D:\A_IDE\JavaTools\Maven\apache-maven\mvn_repo\io\springfox\springfox-swagger-common\3.0.0\springfox-swagger-common-3.0.0.jar;D:\A_IDE\JavaTools\Maven\apache-maven\mvn_repo\io\springfox\springfox-spring-web\3.0.0\springfox-spring-web-3.0.0.jar;D:\A_IDE\JavaTools\Maven\apache-maven\mvn_repo\io\github\classgraph\classgraph\4.8.83\classgraph-4.8.83.jar;D:\A_IDE\JavaTools\Maven\apache-maven\mvn_repo\io\springfox\springfox-spring-webflux\3.0.0\springfox-spring-webflux-3.0.0.jar;D:\A_IDE\JavaTools\Maven\apache-maven\mvn_repo\org\mapstruct\mapstruct\1.3.1.Final\mapstruct-1.3.1.Final.jar;D:\A_IDE\JavaTools\Maven\apache-maven\mvn_repo\io\springfox\springfox-spring-webmvc\3.0.0\springfox-spring-webmvc-3.0.0.jar;D:\A_IDE\JavaTools\Maven\apache-maven\mvn_repo\io\springfox\springfox-core\3.0.0\springfox-core-3.0.0.jar;D:\A_IDE\JavaTools\Maven\apache-maven\mvn_repo\io\springfox\springfox-oas\3.0.0\springfox-oas-3.0.0.jar;D:\A_IDE\JavaTools\Maven\apache-maven\mvn_repo\io\swagger\core\v3\swagger-models\2.1.2\swagger-models-2.1.2.jar;D:\A_IDE\JavaTools\Maven\apache-maven\mvn_repo\io\springfox\springfox-bean-validators\3.0.0\springfox-bean-validators-3.0.0.jar;D:\A_IDE\JavaTools\Maven\apache-maven\mvn_repo\io\swagger\swagger-models\1.5.22\swagger-models-1.5.22.jar;D:\A_IDE\JavaTools\Maven\apache-maven\mvn_repo\io\swagger\swagger-core\1.5.22\swagger-core-1.5.22.jar;D:\A_IDE\JavaTools\Maven\apache-maven\mvn_repo\org\apache\commons\commons-lang3\3.14.0\commons-lang3-3.14.0.jar;D:\A_IDE\JavaTools\Maven\apache-maven\mvn_repo\com\fasterxml\jackson\dataformat\jackson-dataformat-yaml\2.17.2\jackson-dataformat-yaml-2.17.2.jar;D:\A_IDE\JavaTools\Maven\apache-maven\mvn_repo\com\google\guava\guava\27.0.1-android\guava-27.0.1-android.jar;D:\A_IDE\JavaTools\Maven\apache-maven\mvn_repo\com\google\guava\failureaccess\1.0.1\failureaccess-1.0.1.jar;D:\A_IDE\JavaTools\Maven\apache-maven\mvn_repo\com\google\guava\listenablefuture\9999.0-empty-to-avoid-conflict-with-guava\listenablefuture-9999.0-empty-to-avoid-conflict-with-guava.jar;D:\A_IDE\JavaTools\Maven\apache-maven\mvn_repo\com\google\code\findbugs\jsr305\3.0.2\jsr305-3.0.2.jar;D:\A_IDE\JavaTools\Maven\apache-maven\mvn_repo\org\checkerframework\checker-compat-qual\2.5.2\checker-compat-qual-2.5.2.jar;D:\A_IDE\JavaTools\Maven\apache-maven\mvn_repo\com\google\errorprone\error_prone_annotations\2.2.0\error_prone_annotations-2.2.0.jar;D:\A_IDE\JavaTools\Maven\apache-maven\mvn_repo\com\google\j2objc\j2objc-annotations\1.1\j2objc-annotations-1.1.jar;D:\A_IDE\JavaTools\Maven\apache-maven\mvn_repo\org\codehaus\mojo\animal-sniffer-annotations\1.17\animal-sniffer-annotations-1.17.jar;D:\A_IDE\JavaTools\Maven\apache-maven\mvn_repo\javax\validation\validation-api\1.1.0.Final\validation-api-1.1.0.Final.jar;D:\A_IDE\JavaTools\Maven\apache-maven\mvn_repo\io\springfox\springfox-boot-starter\3.0.0\springfox-boot-starter-3.0.0.jar;D:\A_IDE\JavaTools\Maven\apache-maven\mvn_repo\io\springfox\springfox-data-rest\3.0.0\springfox-data-rest-3.0.0.jar;D:\A_IDE\JavaTools\Maven\apache-maven\mvn_repo\com\fasterxml\classmate\1.7.0\classmate-1.7.0.jar;D:\A_IDE\JavaTools\Maven\apache-maven\mvn_repo\org\springframework\plugin\spring-plugin-core\2.0.0.RELEASE\spring-plugin-core-2.0.0.RELEASE.jar;D:\A_IDE\JavaTools\Maven\apache-maven\mvn_repo\org\springframework\plugin\spring-plugin-metadata\2.0.0.RELEASE\spring-plugin-metadata-2.0.0.RELEASE.jar;D:\A_IDE\JavaTools\Maven\apache-maven\mvn_repo\com\github\xiaoymin\knife4j-spring-ui\3.0.2\knife4j-spring-ui-3.0.2.jar;D:\A_IDE\JavaTools\Maven\apache-maven\mvn_repo\cn\hutool\hutool-all\5.8.25\hutool-all-5.8.25.jar;D:\A_IDE\Code\items\Qiaopi\Qiaopi-pojo\target\Qiaopi-pojo-0.0.1-SNAPSHOT.jar;D:\A_IDE\Code\items\Qiaopi\Qiaopi-common\target\Qiaopi-common-0.0.1-SNAPSHOT.jar;"/>
    <property name="sun.cpu.endian" value="little"/>
    <property name="user.home" value="C:\Users\Abin"/>
    <property name="user.language" value="zh"/>
    <property name="java.specification.vendor" value="Oracle Corporation"/>
    <property name="java.version.date" value="2024-01-16"/>
    <property name="java.home" value="D:\A_IDE\JDK17"/>
    <property name="file.separator" value="\"/>
    <property name="basedir" value="D:\A_IDE\Code\items\Qiaopi\Qiaopi-server"/>
    <property name="java.vm.compressedOopsMode" value="Zero based"/>
    <property name="line.separator" value="&#10;"/>
    <property name="java.vm.specification.vendor" value="Oracle Corporation"/>
    <property name="java.specification.name" value="Java Platform API Specification"/>
    <property name="FILE_LOG_CHARSET" value="GBK"/>
    <property name="java.awt.headless" value="true"/>
    <property name="surefire.real.class.path" value="C:\Users\Abin\AppData\Local\Temp\surefire2067003353830786006\surefirebooter-20240916023339933_3.jar"/>
    <property name="user.script" value=""/>
    <property name="sun.management.compiler" value="HotSpot 64-Bit Tiered Compilers"/>
    <property name="java.runtime.version" value="17.0.10+11-LTS-240"/>
    <property name="user.name" value="Abin"/>
    <property name="path.separator" value=";"/>
    <property name="os.version" value="10.0"/>
    <property name="java.runtime.name" value="Java(TM) SE Runtime Environment"/>
    <property name="file.encoding" value="GBK"/>
    <property name="java.vm.name" value="Java HotSpot(TM) 64-Bit Server VM"/>
    <property name="localRepository" value="D:\A_IDE\JavaTools\Maven\apache-maven\mvn_repo"/>
    <property name="java.vendor.url.bug" value="https://bugreport.java.com/bugreport/"/>
    <property name="java.io.tmpdir" value="C:\Users\Abin\AppData\Local\Temp\"/>
    <property name="idea.version" value="2024.2.1"/>
    <property name="java.version" value="17.0.10"/>
    <property name="user.dir" value="D:\A_IDE\Code\items\Qiaopi\Qiaopi-server"/>
    <property name="os.arch" value="amd64"/>
    <property name="java.vm.specification.name" value="Java Virtual Machine Specification"/>
    <property name="PID" value="25964"/>
    <property name="sun.os.patch.level" value=""/>
    <property name="CONSOLE_LOG_CHARSET" value="GBK"/>
    <property name="native.encoding" value="GBK"/>
    <property name="java.library.path" value="D:\A_IDE\JDK17\bin;C:\windows\Sun\Java\bin;C:\windows\system32;C:\windows;C:\Program Files\Common Files\Oracle\Java\javapath;C:\windows\system32;C:\windows;C:\windows\System32\Wbem;C:\windows\System32\WindowsPowerShell\v1.0\;C:\windows\System32\OpenSSH\;C:\Program Files (x86)\NVIDIA Corporation\PhysX\Common;C:\Program Files\NVIDIA Corporation\NVIDIA NvDLISR;C:\Users\Administrator\AppData\Local\Microsoft\WindowsApps;C:\Program Files\HP\OMEN-Broadcast\Common;D:\adb\platform-tools;C:\Program Files\HP\HP One Agent;D:\A_IDE\Git\cmd;D:\A_IDE\WebTools\NodeJS;D:\A_IDE\JavaTools\Maven\apache-maven\bin;D:\A_IDE\JDK17\bin;D:\A_IDE\JavaTools\MySQL\mysql-9.0.1-winx64\bin;D:\Windows Kits\10\Windows Performance Toolkit\;D:\A_IDE\微信web开发者工具\dll;D:\A_IDE\Python;%PYTHON_HOMR%\Scripts;D:\A_IDE\Python\Scripts\;D:\A_IDE\Python\;C:\Users\Abin\AppData\Local\Microsoft\WindowsApps;C:\Users\Abin\Desktop\tools\adb\platform-tool;D:\A_IDE\Idea\IntelliJ IDEA Community Edition 2023.3.5\bin;;D:\A_IDE\IDEA\IntelliJ IDEA 2024.1\bin;D:\A_IDE\Clion\CLion 2024.1\bin;D:\A_IDE\Microsoft VS Code\Microsoft VS Code\bin;C:\Users\Abin\AppData\Roaming\npm;D:\A_IDE\JavaTools\Cpolar\;D:\A_IDE\DataGrip\DataGrip 2024.2.2\bin;;D:\A_IDE\PyCharm\PyCharm 2024.2.1\bin;;D:\A_IDE\IDEA\IntelliJ IDEA 2024.2.1\bin;;."/>
    <property name="java.vm.info" value="mixed mode, sharing"/>
    <property name="java.vendor" value="Oracle Corporation"/>
    <property name="java.vm.version" value="17.0.10+11-LTS-240"/>
    <property name="sun.io.unicode.encoding" value="UnicodeLittle"/>
    <property name="java.class.version" value="61.0"/>
  </properties>
  <testcase name="contextLoads" classname="com.qiaopi.QiaopiServerApplicationTests" time="0.007">
    <error message="Failed to load ApplicationContext for [WebMergedContextConfiguration@3b4825f0 testClass = com.qiaopi.QiaopiServerApplicationTests, locations = [], classes = [com.qiaopi.QiaopiServerApplication], contextInitializerClasses = [], activeProfiles = [], propertySourceDescriptors = [], propertySourceProperties = [&quot;org.springframework.boot.test.context.SpringBootTestContextBootstrapper=true&quot;], contextCustomizers = [org.springframework.boot.test.context.filter.ExcludeFilterContextCustomizer@41f69e84, org.springframework.boot.test.json.DuplicateJsonObjectContextCustomizerFactory$DuplicateJsonObjectContextCustomizer@64b0598, org.springframework.boot.test.mock.mockito.MockitoContextCustomizer@0, org.springframework.boot.test.web.client.TestRestTemplateContextCustomizer@a8ef162, org.springframework.boot.test.web.reactor.netty.DisableReactorResourceFactoryGlobalResourcesContextCustomizerFactory$DisableReactorResourceFactoryGlobalResourcesContextCustomizerCustomizer@7d61eb55, org.springframework.boot.test.autoconfigure.actuate.observability.ObservabilityContextCustomizerFactory$DisableObservabilityContextCustomizer@1f, org.springframework.boot.test.autoconfigure.properties.PropertyMappingContextCustomizer@0, org.springframework.boot.test.autoconfigure.web.servlet.WebDriverContextCustomizer@1b410b60, org.springframework.boot.test.context.SpringBootTestAnnotation@a45f9ddd], resourceBasePath = &quot;src/main/webapp&quot;, contextLoader = org.springframework.boot.test.context.SpringBootContextLoader, parent = null]" type="java.lang.IllegalStateException"><![CDATA[java.lang.IllegalStateException: Failed to load ApplicationContext for [WebMergedContextConfiguration@3b4825f0 testClass = com.qiaopi.QiaopiServerApplicationTests, locations = [], classes = [com.qiaopi.QiaopiServerApplication], contextInitializerClasses = [], activeProfiles = [], propertySourceDescriptors = [], propertySourceProperties = ["org.springframework.boot.test.context.SpringBootTestContextBootstrapper=true"], contextCustomizers = [org.springframework.boot.test.context.filter.ExcludeFilterContextCustomizer@41f69e84, org.springframework.boot.test.json.DuplicateJsonObjectContextCustomizerFactory$DuplicateJsonObjectContextCustomizer@64b0598, org.springframework.boot.test.mock.mockito.MockitoContextCustomizer@0, org.springframework.boot.test.web.client.TestRestTemplateContextCustomizer@a8ef162, org.springframework.boot.test.web.reactor.netty.DisableReactorResourceFactoryGlobalResourcesContextCustomizerFactory$DisableReactorResourceFactoryGlobalResourcesContextCustomizerCustomizer@7d61eb55, org.springframework.boot.test.autoconfigure.actuate.observability.ObservabilityContextCustomizerFactory$DisableObservabilityContextCustomizer@1f, org.springframework.boot.test.autoconfigure.properties.PropertyMappingContextCustomizer@0, org.springframework.boot.test.autoconfigure.web.servlet.WebDriverContextCustomizer@1b410b60, org.springframework.boot.test.context.SpringBootTestAnnotation@a45f9ddd], resourceBasePath = "src/main/webapp", contextLoader = org.springframework.boot.test.context.SpringBootContextLoader, parent = null]
	at org.springframework.test.context.cache.DefaultCacheAwareContextLoaderDelegate.loadContext(DefaultCacheAwareContextLoaderDelegate.java:180)
	at org.springframework.test.context.support.DefaultTestContext.getApplicationContext(DefaultTestContext.java:130)
	at org.springframework.test.context.web.ServletTestExecutionListener.setUpRequestContextIfNecessary(ServletTestExecutionListener.java:191)
	at org.springframework.test.context.web.ServletTestExecutionListener.prepareTestInstance(ServletTestExecutionListener.java:130)
	at org.springframework.test.context.TestContextManager.prepareTestInstance(TestContextManager.java:260)
	at org.springframework.test.context.junit.jupiter.SpringExtension.postProcessTestInstance(SpringExtension.java:163)
	at java.base/java.util.stream.ReferencePipeline$3$1.accept(ReferencePipeline.java:197)
	at java.base/java.util.stream.ReferencePipeline$2$1.accept(ReferencePipeline.java:179)
	at java.base/java.util.ArrayList$ArrayListSpliterator.forEachRemaining(ArrayList.java:1625)
	at java.base/java.util.stream.AbstractPipeline.copyInto(AbstractPipeline.java:509)
	at java.base/java.util.stream.AbstractPipeline.wrapAndCopyInto(AbstractPipeline.java:499)
	at java.base/java.util.stream.StreamSpliterators$WrappingSpliterator.forEachRemaining(StreamSpliterators.java:310)
	at java.base/java.util.stream.Streams$ConcatSpliterator.forEachRemaining(Streams.java:735)
	at java.base/java.util.stream.Streams$ConcatSpliterator.forEachRemaining(Streams.java:734)
	at java.base/java.util.stream.ReferencePipeline$Head.forEach(ReferencePipeline.java:762)
	at java.base/java.util.Optional.orElseGet(Optional.java:364)
	at java.base/java.util.ArrayList.forEach(ArrayList.java:1511)
	at java.base/java.util.ArrayList.forEach(ArrayList.java:1511)
Caused by: org.springframework.beans.factory.BeanDefinitionStoreException: Invalid bean definition with name 'userMapper' defined in file [D:\A_IDE\Code\items\Qiaopi\Qiaopi-server\target\classes\com\qiaopi\mapper\UserMapper.class]: Invalid value type for attribute 'factoryBeanObjectType': java.lang.String
	at org.springframework.beans.factory.support.AbstractAutowireCapableBeanFactory.getTypeForFactoryBean(AbstractAutowireCapableBeanFactory.java:857)
	at org.springframework.beans.factory.support.AbstractBeanFactory.getType(AbstractBeanFactory.java:743)
	at org.springframework.beans.factory.support.DefaultListableBeanFactory.findAnnotationOnBean(DefaultListableBeanFactory.java:735)
	at org.springframework.boot.sql.init.dependency.AnnotationDependsOnDatabaseInitializationDetector.detect(AnnotationDependsOnDatabaseInitializationDetector.java:36)
	at org.springframework.boot.sql.init.dependency.DatabaseInitializationDependencyConfigurer$DependsOnDatabaseInitializationPostProcessor.detectDependsOnInitializationBeanNames(DatabaseInitializationDependencyConfigurer.java:152)
	at org.springframework.boot.sql.init.dependency.DatabaseInitializationDependencyConfigurer$DependsOnDatabaseInitializationPostProcessor.postProcessBeanFactory(DatabaseInitializationDependencyConfigurer.java:115)
	at org.springframework.context.support.PostProcessorRegistrationDelegate.invokeBeanFactoryPostProcessors(PostProcessorRegistrationDelegate.java:363)
	at org.springframework.context.support.PostProcessorRegistrationDelegate.invokeBeanFactoryPostProcessors(PostProcessorRegistrationDelegate.java:197)
	at org.springframework.context.support.AbstractApplicationContext.invokeBeanFactoryPostProcessors(AbstractApplicationContext.java:789)
	at org.springframework.context.support.AbstractApplicationContext.refresh(AbstractApplicationContext.java:607)
	at org.springframework.boot.SpringApplication.refresh(SpringApplication.java:754)
	at org.springframework.boot.SpringApplication.refreshContext(SpringApplication.java:456)
	at org.springframework.boot.SpringApplication.run(SpringApplication.java:335)
	at org.springframework.boot.test.context.SpringBootContextLoader.lambda$loadContext$3(SpringBootContextLoader.java:137)
	at org.springframework.util.function.ThrowingSupplier.get(ThrowingSupplier.java:58)
	at org.springframework.util.function.ThrowingSupplier.get(ThrowingSupplier.java:46)
	at org.springframework.boot.SpringApplication.withHook(SpringApplication.java:1463)
	at org.springframework.boot.test.context.SpringBootContextLoader$ContextLoaderHook.run(SpringBootContextLoader.java:553)
	at org.springframework.boot.test.context.SpringBootContextLoader.loadContext(SpringBootContextLoader.java:137)
	at org.springframework.boot.test.context.SpringBootContextLoader.loadContext(SpringBootContextLoader.java:108)
	at org.springframework.test.context.cache.DefaultCacheAwareContextLoaderDelegate.loadContextInternal(DefaultCacheAwareContextLoaderDelegate.java:225)
	at org.springframework.test.context.cache.DefaultCacheAwareContextLoaderDelegate.loadContext(DefaultCacheAwareContextLoaderDelegate.java:152)
	... 17 more
]]></error>
    <system-out><![CDATA[02:33:40.531 [main] INFO org.springframework.test.context.support.AnnotationConfigContextLoaderUtils -- Could not detect default configuration classes for test class [com.qiaopi.QiaopiServerApplicationTests]: QiaopiServerApplicationTests does not declare any static, non-private, non-final, nested classes annotated with @Configuration.
02:33:40.623 [main] INFO org.springframework.boot.test.context.SpringBootTestContextBootstrapper -- Found @SpringBootConfiguration com.qiaopi.QiaopiServerApplication for test class com.qiaopi.QiaopiServerApplicationTests

  .   ____          _            __ _ _
 /\\ / ___'_ __ _ _(_)_ __  __ _ \ \ \ \
( ( )\___ | '_ | '_| | '_ \/ _` | \ \ \ \
 \\/  ___)| |_)| | | | | || (_| |  ) ) ) )
  '  |____| .__|_| |_|_| |_\__, | / / / /
 =========|_|==============|___/=/_/_/_/

 :: Spring Boot ::                (v3.3.3)

2024-09-16T02:33:41.009+08:00  INFO 25964 --- [           main] c.qiaopi.QiaopiServerApplicationTests    : Starting QiaopiServerApplicationTests using Java 17.0.10 with PID 25964 (started by Abin in D:\A_IDE\Code\items\Qiaopi\Qiaopi-server)
2024-09-16T02:33:41.011+08:00  INFO 25964 --- [           main] c.qiaopi.QiaopiServerApplicationTests    : The following 1 profile is active: "dev"
2024-09-16T02:33:41.608+08:00  INFO 25964 --- [           main] .s.d.r.c.RepositoryConfigurationDelegate : Multiple Spring Data modules found, entering strict repository configuration mode
2024-09-16T02:33:41.613+08:00  INFO 25964 --- [           main] .s.d.r.c.RepositoryConfigurationDelegate : Bootstrapping Spring Data Redis repositories in DEFAULT mode.
2024-09-16T02:33:41.664+08:00  INFO 25964 --- [           main] .s.d.r.c.RepositoryConfigurationDelegate : Finished Spring Data repository scanning in 11 ms. Found 0 Redis repository interfaces.
2024-09-16T02:33:41.821+08:00  WARN 25964 --- [           main] o.s.w.c.s.GenericWebApplicationContext   : Exception encountered during context initialization - cancelling refresh attempt: org.springframework.beans.factory.BeanDefinitionStoreException: Invalid bean definition with name 'userMapper' defined in file [D:\A_IDE\Code\items\Qiaopi\Qiaopi-server\target\classes\com\qiaopi\mapper\UserMapper.class]: Invalid value type for attribute 'factoryBeanObjectType': java.lang.String
2024-09-16T02:33:41.835+08:00  INFO 25964 --- [           main] .s.b.a.l.ConditionEvaluationReportLogger : 

Error starting ApplicationContext. To display the condition evaluation report re-run your application with 'debug' enabled.
2024-09-16T02:33:41.852+08:00 ERROR 25964 --- [           main] o.s.boot.SpringApplication               : Application run failed

org.springframework.beans.factory.BeanDefinitionStoreException: Invalid bean definition with name 'userMapper' defined in file [D:\A_IDE\Code\items\Qiaopi\Qiaopi-server\target\classes\com\qiaopi\mapper\UserMapper.class]: Invalid value type for attribute 'factoryBeanObjectType': java.lang.String
	at org.springframework.beans.factory.support.AbstractAutowireCapableBeanFactory.getTypeForFactoryBean(AbstractAutowireCapableBeanFactory.java:857) ~[spring-beans-6.1.12.jar:6.1.12]
	at org.springframework.beans.factory.support.AbstractBeanFactory.getType(AbstractBeanFactory.java:743) ~[spring-beans-6.1.12.jar:6.1.12]
	at org.springframework.beans.factory.support.DefaultListableBeanFactory.findAnnotationOnBean(DefaultListableBeanFactory.java:735) ~[spring-beans-6.1.12.jar:6.1.12]
	at org.springframework.boot.sql.init.dependency.AnnotationDependsOnDatabaseInitializationDetector.detect(AnnotationDependsOnDatabaseInitializationDetector.java:36) ~[spring-boot-3.3.3.jar:3.3.3]
	at org.springframework.boot.sql.init.dependency.DatabaseInitializationDependencyConfigurer$DependsOnDatabaseInitializationPostProcessor.detectDependsOnInitializationBeanNames(DatabaseInitializationDependencyConfigurer.java:152) ~[spring-boot-3.3.3.jar:3.3.3]
	at org.springframework.boot.sql.init.dependency.DatabaseInitializationDependencyConfigurer$DependsOnDatabaseInitializationPostProcessor.postProcessBeanFactory(DatabaseInitializationDependencyConfigurer.java:115) ~[spring-boot-3.3.3.jar:3.3.3]
	at org.springframework.context.support.PostProcessorRegistrationDelegate.invokeBeanFactoryPostProcessors(PostProcessorRegistrationDelegate.java:363) ~[spring-context-6.1.12.jar:6.1.12]
	at org.springframework.context.support.PostProcessorRegistrationDelegate.invokeBeanFactoryPostProcessors(PostProcessorRegistrationDelegate.java:197) ~[spring-context-6.1.12.jar:6.1.12]
	at org.springframework.context.support.AbstractApplicationContext.invokeBeanFactoryPostProcessors(AbstractApplicationContext.java:789) ~[spring-context-6.1.12.jar:6.1.12]
	at org.springframework.context.support.AbstractApplicationContext.refresh(AbstractApplicationContext.java:607) ~[spring-context-6.1.12.jar:6.1.12]
	at org.springframework.boot.SpringApplication.refresh(SpringApplication.java:754) ~[spring-boot-3.3.3.jar:3.3.3]
	at org.springframework.boot.SpringApplication.refreshContext(SpringApplication.java:456) ~[spring-boot-3.3.3.jar:3.3.3]
	at org.springframework.boot.SpringApplication.run(SpringApplication.java:335) ~[spring-boot-3.3.3.jar:3.3.3]
	at org.springframework.boot.test.context.SpringBootContextLoader.lambda$loadContext$3(SpringBootContextLoader.java:137) ~[spring-boot-test-3.3.3.jar:3.3.3]
	at org.springframework.util.function.ThrowingSupplier.get(ThrowingSupplier.java:58) ~[spring-core-6.1.12.jar:6.1.12]
	at org.springframework.util.function.ThrowingSupplier.get(ThrowingSupplier.java:46) ~[spring-core-6.1.12.jar:6.1.12]
	at org.springframework.boot.SpringApplication.withHook(SpringApplication.java:1463) ~[spring-boot-3.3.3.jar:3.3.3]
	at org.springframework.boot.test.context.SpringBootContextLoader$ContextLoaderHook.run(SpringBootContextLoader.java:553) ~[spring-boot-test-3.3.3.jar:3.3.3]
	at org.springframework.boot.test.context.SpringBootContextLoader.loadContext(SpringBootContextLoader.java:137) ~[spring-boot-test-3.3.3.jar:3.3.3]
	at org.springframework.boot.test.context.SpringBootContextLoader.loadContext(SpringBootContextLoader.java:108) ~[spring-boot-test-3.3.3.jar:3.3.3]
	at org.springframework.test.context.cache.DefaultCacheAwareContextLoaderDelegate.loadContextInternal(DefaultCacheAwareContextLoaderDelegate.java:225) ~[spring-test-6.1.12.jar:6.1.12]
	at org.springframework.test.context.cache.DefaultCacheAwareContextLoaderDelegate.loadContext(DefaultCacheAwareContextLoaderDelegate.java:152) ~[spring-test-6.1.12.jar:6.1.12]
	at org.springframework.test.context.support.DefaultTestContext.getApplicationContext(DefaultTestContext.java:130) ~[spring-test-6.1.12.jar:6.1.12]
	at org.springframework.test.context.web.ServletTestExecutionListener.setUpRequestContextIfNecessary(ServletTestExecutionListener.java:191) ~[spring-test-6.1.12.jar:6.1.12]
	at org.springframework.test.context.web.ServletTestExecutionListener.prepareTestInstance(ServletTestExecutionListener.java:130) ~[spring-test-6.1.12.jar:6.1.12]
	at org.springframework.test.context.TestContextManager.prepareTestInstance(TestContextManager.java:260) ~[spring-test-6.1.12.jar:6.1.12]
	at org.springframework.test.context.junit.jupiter.SpringExtension.postProcessTestInstance(SpringExtension.java:163) ~[spring-test-6.1.12.jar:6.1.12]
	at org.junit.jupiter.engine.descriptor.ClassBasedTestDescriptor.lambda$invokeTestInstancePostProcessors$10(ClassBasedTestDescriptor.java:378) ~[junit-jupiter-engine-5.10.3.jar:5.10.3]
	at org.junit.jupiter.engine.descriptor.ClassBasedTestDescriptor.executeAndMaskThrowable(ClassBasedTestDescriptor.java:383) ~[junit-jupiter-engine-5.10.3.jar:5.10.3]
	at org.junit.jupiter.engine.descriptor.ClassBasedTestDescriptor.lambda$invokeTestInstancePostProcessors$11(ClassBasedTestDescriptor.java:378) ~[junit-jupiter-engine-5.10.3.jar:5.10.3]
	at java.base/java.util.stream.ReferencePipeline$3$1.accept(ReferencePipeline.java:197) ~[na:na]
	at java.base/java.util.stream.ReferencePipeline$2$1.accept(ReferencePipeline.java:179) ~[na:na]
	at java.base/java.util.ArrayList$ArrayListSpliterator.forEachRemaining(ArrayList.java:1625) ~[na:na]
	at java.base/java.util.stream.AbstractPipeline.copyInto(AbstractPipeline.java:509) ~[na:na]
	at java.base/java.util.stream.AbstractPipeline.wrapAndCopyInto(AbstractPipeline.java:499) ~[na:na]
	at java.base/java.util.stream.StreamSpliterators$WrappingSpliterator.forEachRemaining(StreamSpliterators.java:310) ~[na:na]
	at java.base/java.util.stream.Streams$ConcatSpliterator.forEachRemaining(Streams.java:735) ~[na:na]
	at java.base/java.util.stream.Streams$ConcatSpliterator.forEachRemaining(Streams.java:734) ~[na:na]
	at java.base/java.util.stream.ReferencePipeline$Head.forEach(ReferencePipeline.java:762) ~[na:na]
	at org.junit.jupiter.engine.descriptor.ClassBasedTestDescriptor.invokeTestInstancePostProcessors(ClassBasedTestDescriptor.java:377) ~[junit-jupiter-engine-5.10.3.jar:5.10.3]
	at org.junit.jupiter.engine.descriptor.ClassBasedTestDescriptor.lambda$instantiateAndPostProcessTestInstance$6(ClassBasedTestDescriptor.java:290) ~[junit-jupiter-engine-5.10.3.jar:5.10.3]
	at org.junit.platform.engine.support.hierarchical.ThrowableCollector.execute(ThrowableCollector.java:73) ~[junit-platform-engine-1.10.3.jar:1.10.3]
	at org.junit.jupiter.engine.descriptor.ClassBasedTestDescriptor.instantiateAndPostProcessTestInstance(ClassBasedTestDescriptor.java:289) ~[junit-jupiter-engine-5.10.3.jar:5.10.3]
	at org.junit.jupiter.engine.descriptor.ClassBasedTestDescriptor.lambda$testInstancesProvider$4(ClassBasedTestDescriptor.java:279) ~[junit-jupiter-engine-5.10.3.jar:5.10.3]
	at java.base/java.util.Optional.orElseGet(Optional.java:364) ~[na:na]
	at org.junit.jupiter.engine.descriptor.ClassBasedTestDescriptor.lambda$testInstancesProvider$5(ClassBasedTestDescriptor.java:278) ~[junit-jupiter-engine-5.10.3.jar:5.10.3]
	at org.junit.jupiter.engine.execution.TestInstancesProvider.getTestInstances(TestInstancesProvider.java:31) ~[junit-jupiter-engine-5.10.3.jar:5.10.3]
	at org.junit.jupiter.engine.descriptor.TestMethodTestDescriptor.lambda$prepare$0(TestMethodTestDescriptor.java:106) ~[junit-jupiter-engine-5.10.3.jar:5.10.3]
	at org.junit.platform.engine.support.hierarchical.ThrowableCollector.execute(ThrowableCollector.java:73) ~[junit-platform-engine-1.10.3.jar:1.10.3]
	at org.junit.jupiter.engine.descriptor.TestMethodTestDescriptor.prepare(TestMethodTestDescriptor.java:105) ~[junit-jupiter-engine-5.10.3.jar:5.10.3]
	at org.junit.jupiter.engine.descriptor.TestMethodTestDescriptor.prepare(TestMethodTestDescriptor.java:69) ~[junit-jupiter-engine-5.10.3.jar:5.10.3]
	at org.junit.platform.engine.support.hierarchical.NodeTestTask.lambda$prepare$2(NodeTestTask.java:123) ~[junit-platform-engine-1.10.3.jar:1.10.3]
	at org.junit.platform.engine.support.hierarchical.ThrowableCollector.execute(ThrowableCollector.java:73) ~[junit-platform-engine-1.10.3.jar:1.10.3]
	at org.junit.platform.engine.support.hierarchical.NodeTestTask.prepare(NodeTestTask.java:123) ~[junit-platform-engine-1.10.3.jar:1.10.3]
	at org.junit.platform.engine.support.hierarchical.NodeTestTask.execute(NodeTestTask.java:90) ~[junit-platform-engine-1.10.3.jar:1.10.3]
	at java.base/java.util.ArrayList.forEach(ArrayList.java:1511) ~[na:na]
	at org.junit.platform.engine.support.hierarchical.SameThreadHierarchicalTestExecutorService.invokeAll(SameThreadHierarchicalTestExecutorService.java:41) ~[junit-platform-engine-1.10.3.jar:1.10.3]
	at org.junit.platform.engine.support.hierarchical.NodeTestTask.lambda$executeRecursively$6(NodeTestTask.java:155) ~[junit-platform-engine-1.10.3.jar:1.10.3]
	at org.junit.platform.engine.support.hierarchical.ThrowableCollector.execute(ThrowableCollector.java:73) ~[junit-platform-engine-1.10.3.jar:1.10.3]
	at org.junit.platform.engine.support.hierarchical.NodeTestTask.lambda$executeRecursively$8(NodeTestTask.java:141) ~[junit-platform-engine-1.10.3.jar:1.10.3]
	at org.junit.platform.engine.support.hierarchical.Node.around(Node.java:137) ~[junit-platform-engine-1.10.3.jar:1.10.3]
	at org.junit.platform.engine.support.hierarchical.NodeTestTask.lambda$executeRecursively$9(NodeTestTask.java:139) ~[junit-platform-engine-1.10.3.jar:1.10.3]
	at org.junit.platform.engine.support.hierarchical.ThrowableCollector.execute(ThrowableCollector.java:73) ~[junit-platform-engine-1.10.3.jar:1.10.3]
	at org.junit.platform.engine.support.hierarchical.NodeTestTask.executeRecursively(NodeTestTask.java:138) ~[junit-platform-engine-1.10.3.jar:1.10.3]
	at org.junit.platform.engine.support.hierarchical.NodeTestTask.execute(NodeTestTask.java:95) ~[junit-platform-engine-1.10.3.jar:1.10.3]
	at java.base/java.util.ArrayList.forEach(ArrayList.java:1511) ~[na:na]
	at org.junit.platform.engine.support.hierarchical.SameThreadHierarchicalTestExecutorService.invokeAll(SameThreadHierarchicalTestExecutorService.java:41) ~[junit-platform-engine-1.10.3.jar:1.10.3]
	at org.junit.platform.engine.support.hierarchical.NodeTestTask.lambda$executeRecursively$6(NodeTestTask.java:155) ~[junit-platform-engine-1.10.3.jar:1.10.3]
	at org.junit.platform.engine.support.hierarchical.ThrowableCollector.execute(ThrowableCollector.java:73) ~[junit-platform-engine-1.10.3.jar:1.10.3]
	at org.junit.platform.engine.support.hierarchical.NodeTestTask.lambda$executeRecursively$8(NodeTestTask.java:141) ~[junit-platform-engine-1.10.3.jar:1.10.3]
	at org.junit.platform.engine.support.hierarchical.Node.around(Node.java:137) ~[junit-platform-engine-1.10.3.jar:1.10.3]
	at org.junit.platform.engine.support.hierarchical.NodeTestTask.lambda$executeRecursively$9(NodeTestTask.java:139) ~[junit-platform-engine-1.10.3.jar:1.10.3]
	at org.junit.platform.engine.support.hierarchical.ThrowableCollector.execute(ThrowableCollector.java:73) ~[junit-platform-engine-1.10.3.jar:1.10.3]
	at org.junit.platform.engine.support.hierarchical.NodeTestTask.executeRecursively(NodeTestTask.java:138) ~[junit-platform-engine-1.10.3.jar:1.10.3]
	at org.junit.platform.engine.support.hierarchical.NodeTestTask.execute(NodeTestTask.java:95) ~[junit-platform-engine-1.10.3.jar:1.10.3]
	at org.junit.platform.engine.support.hierarchical.SameThreadHierarchicalTestExecutorService.submit(SameThreadHierarchicalTestExecutorService.java:35) ~[junit-platform-engine-1.10.3.jar:1.10.3]
	at org.junit.platform.engine.support.hierarchical.HierarchicalTestExecutor.execute(HierarchicalTestExecutor.java:57) ~[junit-platform-engine-1.10.3.jar:1.10.3]
	at org.junit.platform.engine.support.hierarchical.HierarchicalTestEngine.execute(HierarchicalTestEngine.java:54) ~[junit-platform-engine-1.10.3.jar:1.10.3]
	at org.junit.platform.launcher.core.EngineExecutionOrchestrator.execute(EngineExecutionOrchestrator.java:198) ~[junit-platform-launcher-1.10.3.jar:1.10.3]
	at org.junit.platform.launcher.core.EngineExecutionOrchestrator.execute(EngineExecutionOrchestrator.java:169) ~[junit-platform-launcher-1.10.3.jar:1.10.3]
	at org.junit.platform.launcher.core.EngineExecutionOrchestrator.execute(EngineExecutionOrchestrator.java:93) ~[junit-platform-launcher-1.10.3.jar:1.10.3]
	at org.junit.platform.launcher.core.EngineExecutionOrchestrator.lambda$execute$0(EngineExecutionOrchestrator.java:58) ~[junit-platform-launcher-1.10.3.jar:1.10.3]
	at org.junit.platform.launcher.core.EngineExecutionOrchestrator.withInterceptedStreams(EngineExecutionOrchestrator.java:141) ~[junit-platform-launcher-1.10.3.jar:1.10.3]
	at org.junit.platform.launcher.core.EngineExecutionOrchestrator.execute(EngineExecutionOrchestrator.java:57) ~[junit-platform-launcher-1.10.3.jar:1.10.3]
	at org.junit.platform.launcher.core.DefaultLauncher.execute(DefaultLauncher.java:103) ~[junit-platform-launcher-1.10.3.jar:1.10.3]
	at org.junit.platform.launcher.core.DefaultLauncher.execute(DefaultLauncher.java:85) ~[junit-platform-launcher-1.10.3.jar:1.10.3]
	at org.junit.platform.launcher.core.DelegatingLauncher.execute(DelegatingLauncher.java:47) ~[junit-platform-launcher-1.10.3.jar:1.10.3]
	at org.apache.maven.surefire.junitplatform.LazyLauncher.execute(LazyLauncher.java:56) ~[surefire-junit-platform-3.2.5.jar:3.2.5]
	at org.apache.maven.surefire.junitplatform.JUnitPlatformProvider.execute(JUnitPlatformProvider.java:184) ~[surefire-junit-platform-3.2.5.jar:3.2.5]
	at org.apache.maven.surefire.junitplatform.JUnitPlatformProvider.invokeAllTests(JUnitPlatformProvider.java:148) ~[surefire-junit-platform-3.2.5.jar:3.2.5]
	at org.apache.maven.surefire.junitplatform.JUnitPlatformProvider.invoke(JUnitPlatformProvider.java:122) ~[surefire-junit-platform-3.2.5.jar:3.2.5]
	at org.apache.maven.surefire.booter.ForkedBooter.runSuitesInProcess(ForkedBooter.java:385) ~[surefire-booter-3.2.5.jar:3.2.5]
	at org.apache.maven.surefire.booter.ForkedBooter.execute(ForkedBooter.java:162) ~[surefire-booter-3.2.5.jar:3.2.5]
	at org.apache.maven.surefire.booter.ForkedBooter.run(ForkedBooter.java:507) ~[surefire-booter-3.2.5.jar:3.2.5]
	at org.apache.maven.surefire.booter.ForkedBooter.main(ForkedBooter.java:495) ~[surefire-booter-3.2.5.jar:3.2.5]

2024-09-16T02:33:41.861+08:00  WARN 25964 --- [           main] o.s.test.context.TestContextManager      : Caught exception while allowing TestExecutionListener [org.springframework.test.context.web.ServletTestExecutionListener] to prepare test instance [com.qiaopi.QiaopiServerApplicationTests@40ac6b76]

java.lang.IllegalStateException: Failed to load ApplicationContext for [WebMergedContextConfiguration@3b4825f0 testClass = com.qiaopi.QiaopiServerApplicationTests, locations = [], classes = [com.qiaopi.QiaopiServerApplication], contextInitializerClasses = [], activeProfiles = [], propertySourceDescriptors = [], propertySourceProperties = ["org.springframework.boot.test.context.SpringBootTestContextBootstrapper=true"], contextCustomizers = [org.springframework.boot.test.context.filter.ExcludeFilterContextCustomizer@41f69e84, org.springframework.boot.test.json.DuplicateJsonObjectContextCustomizerFactory$DuplicateJsonObjectContextCustomizer@64b0598, org.springframework.boot.test.mock.mockito.MockitoContextCustomizer@0, org.springframework.boot.test.web.client.TestRestTemplateContextCustomizer@a8ef162, org.springframework.boot.test.web.reactor.netty.DisableReactorResourceFactoryGlobalResourcesContextCustomizerFactory$DisableReactorResourceFactoryGlobalResourcesContextCustomizerCustomizer@7d61eb55, org.springframework.boot.test.autoconfigure.actuate.observability.ObservabilityContextCustomizerFactory$DisableObservabilityContextCustomizer@1f, org.springframework.boot.test.autoconfigure.properties.PropertyMappingContextCustomizer@0, org.springframework.boot.test.autoconfigure.web.servlet.WebDriverContextCustomizer@1b410b60, org.springframework.boot.test.context.SpringBootTestAnnotation@a45f9ddd], resourceBasePath = "src/main/webapp", contextLoader = org.springframework.boot.test.context.SpringBootContextLoader, parent = null]
	at org.springframework.test.context.cache.DefaultCacheAwareContextLoaderDelegate.loadContext(DefaultCacheAwareContextLoaderDelegate.java:180) ~[spring-test-6.1.12.jar:6.1.12]
	at org.springframework.test.context.support.DefaultTestContext.getApplicationContext(DefaultTestContext.java:130) ~[spring-test-6.1.12.jar:6.1.12]
	at org.springframework.test.context.web.ServletTestExecutionListener.setUpRequestContextIfNecessary(ServletTestExecutionListener.java:191) ~[spring-test-6.1.12.jar:6.1.12]
	at org.springframework.test.context.web.ServletTestExecutionListener.prepareTestInstance(ServletTestExecutionListener.java:130) ~[spring-test-6.1.12.jar:6.1.12]
	at org.springframework.test.context.TestContextManager.prepareTestInstance(TestContextManager.java:260) ~[spring-test-6.1.12.jar:6.1.12]
	at org.springframework.test.context.junit.jupiter.SpringExtension.postProcessTestInstance(SpringExtension.java:163) ~[spring-test-6.1.12.jar:6.1.12]
	at org.junit.jupiter.engine.descriptor.ClassBasedTestDescriptor.lambda$invokeTestInstancePostProcessors$10(ClassBasedTestDescriptor.java:378) ~[junit-jupiter-engine-5.10.3.jar:5.10.3]
	at org.junit.jupiter.engine.descriptor.ClassBasedTestDescriptor.executeAndMaskThrowable(ClassBasedTestDescriptor.java:383) ~[junit-jupiter-engine-5.10.3.jar:5.10.3]
	at org.junit.jupiter.engine.descriptor.ClassBasedTestDescriptor.lambda$invokeTestInstancePostProcessors$11(ClassBasedTestDescriptor.java:378) ~[junit-jupiter-engine-5.10.3.jar:5.10.3]
	at java.base/java.util.stream.ReferencePipeline$3$1.accept(ReferencePipeline.java:197) ~[na:na]
	at java.base/java.util.stream.ReferencePipeline$2$1.accept(ReferencePipeline.java:179) ~[na:na]
	at java.base/java.util.ArrayList$ArrayListSpliterator.forEachRemaining(ArrayList.java:1625) ~[na:na]
	at java.base/java.util.stream.AbstractPipeline.copyInto(AbstractPipeline.java:509) ~[na:na]
	at java.base/java.util.stream.AbstractPipeline.wrapAndCopyInto(AbstractPipeline.java:499) ~[na:na]
	at java.base/java.util.stream.StreamSpliterators$WrappingSpliterator.forEachRemaining(StreamSpliterators.java:310) ~[na:na]
	at java.base/java.util.stream.Streams$ConcatSpliterator.forEachRemaining(Streams.java:735) ~[na:na]
	at java.base/java.util.stream.Streams$ConcatSpliterator.forEachRemaining(Streams.java:734) ~[na:na]
	at java.base/java.util.stream.ReferencePipeline$Head.forEach(ReferencePipeline.java:762) ~[na:na]
	at org.junit.jupiter.engine.descriptor.ClassBasedTestDescriptor.invokeTestInstancePostProcessors(ClassBasedTestDescriptor.java:377) ~[junit-jupiter-engine-5.10.3.jar:5.10.3]
	at org.junit.jupiter.engine.descriptor.ClassBasedTestDescriptor.lambda$instantiateAndPostProcessTestInstance$6(ClassBasedTestDescriptor.java:290) ~[junit-jupiter-engine-5.10.3.jar:5.10.3]
	at org.junit.platform.engine.support.hierarchical.ThrowableCollector.execute(ThrowableCollector.java:73) ~[junit-platform-engine-1.10.3.jar:1.10.3]
	at org.junit.jupiter.engine.descriptor.ClassBasedTestDescriptor.instantiateAndPostProcessTestInstance(ClassBasedTestDescriptor.java:289) ~[junit-jupiter-engine-5.10.3.jar:5.10.3]
	at org.junit.jupiter.engine.descriptor.ClassBasedTestDescriptor.lambda$testInstancesProvider$4(ClassBasedTestDescriptor.java:279) ~[junit-jupiter-engine-5.10.3.jar:5.10.3]
	at java.base/java.util.Optional.orElseGet(Optional.java:364) ~[na:na]
	at org.junit.jupiter.engine.descriptor.ClassBasedTestDescriptor.lambda$testInstancesProvider$5(ClassBasedTestDescriptor.java:278) ~[junit-jupiter-engine-5.10.3.jar:5.10.3]
	at org.junit.jupiter.engine.execution.TestInstancesProvider.getTestInstances(TestInstancesProvider.java:31) ~[junit-jupiter-engine-5.10.3.jar:5.10.3]
	at org.junit.jupiter.engine.descriptor.TestMethodTestDescriptor.lambda$prepare$0(TestMethodTestDescriptor.java:106) ~[junit-jupiter-engine-5.10.3.jar:5.10.3]
	at org.junit.platform.engine.support.hierarchical.ThrowableCollector.execute(ThrowableCollector.java:73) ~[junit-platform-engine-1.10.3.jar:1.10.3]
	at org.junit.jupiter.engine.descriptor.TestMethodTestDescriptor.prepare(TestMethodTestDescriptor.java:105) ~[junit-jupiter-engine-5.10.3.jar:5.10.3]
	at org.junit.jupiter.engine.descriptor.TestMethodTestDescriptor.prepare(TestMethodTestDescriptor.java:69) ~[junit-jupiter-engine-5.10.3.jar:5.10.3]
	at org.junit.platform.engine.support.hierarchical.NodeTestTask.lambda$prepare$2(NodeTestTask.java:123) ~[junit-platform-engine-1.10.3.jar:1.10.3]
	at org.junit.platform.engine.support.hierarchical.ThrowableCollector.execute(ThrowableCollector.java:73) ~[junit-platform-engine-1.10.3.jar:1.10.3]
	at org.junit.platform.engine.support.hierarchical.NodeTestTask.prepare(NodeTestTask.java:123) ~[junit-platform-engine-1.10.3.jar:1.10.3]
	at org.junit.platform.engine.support.hierarchical.NodeTestTask.execute(NodeTestTask.java:90) ~[junit-platform-engine-1.10.3.jar:1.10.3]
	at java.base/java.util.ArrayList.forEach(ArrayList.java:1511) ~[na:na]
	at org.junit.platform.engine.support.hierarchical.SameThreadHierarchicalTestExecutorService.invokeAll(SameThreadHierarchicalTestExecutorService.java:41) ~[junit-platform-engine-1.10.3.jar:1.10.3]
	at org.junit.platform.engine.support.hierarchical.NodeTestTask.lambda$executeRecursively$6(NodeTestTask.java:155) ~[junit-platform-engine-1.10.3.jar:1.10.3]
	at org.junit.platform.engine.support.hierarchical.ThrowableCollector.execute(ThrowableCollector.java:73) ~[junit-platform-engine-1.10.3.jar:1.10.3]
	at org.junit.platform.engine.support.hierarchical.NodeTestTask.lambda$executeRecursively$8(NodeTestTask.java:141) ~[junit-platform-engine-1.10.3.jar:1.10.3]
	at org.junit.platform.engine.support.hierarchical.Node.around(Node.java:137) ~[junit-platform-engine-1.10.3.jar:1.10.3]
	at org.junit.platform.engine.support.hierarchical.NodeTestTask.lambda$executeRecursively$9(NodeTestTask.java:139) ~[junit-platform-engine-1.10.3.jar:1.10.3]
	at org.junit.platform.engine.support.hierarchical.ThrowableCollector.execute(ThrowableCollector.java:73) ~[junit-platform-engine-1.10.3.jar:1.10.3]
	at org.junit.platform.engine.support.hierarchical.NodeTestTask.executeRecursively(NodeTestTask.java:138) ~[junit-platform-engine-1.10.3.jar:1.10.3]
	at org.junit.platform.engine.support.hierarchical.NodeTestTask.execute(NodeTestTask.java:95) ~[junit-platform-engine-1.10.3.jar:1.10.3]
	at java.base/java.util.ArrayList.forEach(ArrayList.java:1511) ~[na:na]
	at org.junit.platform.engine.support.hierarchical.SameThreadHierarchicalTestExecutorService.invokeAll(SameThreadHierarchicalTestExecutorService.java:41) ~[junit-platform-engine-1.10.3.jar:1.10.3]
	at org.junit.platform.engine.support.hierarchical.NodeTestTask.lambda$executeRecursively$6(NodeTestTask.java:155) ~[junit-platform-engine-1.10.3.jar:1.10.3]
	at org.junit.platform.engine.support.hierarchical.ThrowableCollector.execute(ThrowableCollector.java:73) ~[junit-platform-engine-1.10.3.jar:1.10.3]
	at org.junit.platform.engine.support.hierarchical.NodeTestTask.lambda$executeRecursively$8(NodeTestTask.java:141) ~[junit-platform-engine-1.10.3.jar:1.10.3]
	at org.junit.platform.engine.support.hierarchical.Node.around(Node.java:137) ~[junit-platform-engine-1.10.3.jar:1.10.3]
	at org.junit.platform.engine.support.hierarchical.NodeTestTask.lambda$executeRecursively$9(NodeTestTask.java:139) ~[junit-platform-engine-1.10.3.jar:1.10.3]
	at org.junit.platform.engine.support.hierarchical.ThrowableCollector.execute(ThrowableCollector.java:73) ~[junit-platform-engine-1.10.3.jar:1.10.3]
	at org.junit.platform.engine.support.hierarchical.NodeTestTask.executeRecursively(NodeTestTask.java:138) ~[junit-platform-engine-1.10.3.jar:1.10.3]
	at org.junit.platform.engine.support.hierarchical.NodeTestTask.execute(NodeTestTask.java:95) ~[junit-platform-engine-1.10.3.jar:1.10.3]
	at org.junit.platform.engine.support.hierarchical.SameThreadHierarchicalTestExecutorService.submit(SameThreadHierarchicalTestExecutorService.java:35) ~[junit-platform-engine-1.10.3.jar:1.10.3]
	at org.junit.platform.engine.support.hierarchical.HierarchicalTestExecutor.execute(HierarchicalTestExecutor.java:57) ~[junit-platform-engine-1.10.3.jar:1.10.3]
	at org.junit.platform.engine.support.hierarchical.HierarchicalTestEngine.execute(HierarchicalTestEngine.java:54) ~[junit-platform-engine-1.10.3.jar:1.10.3]
	at org.junit.platform.launcher.core.EngineExecutionOrchestrator.execute(EngineExecutionOrchestrator.java:198) ~[junit-platform-launcher-1.10.3.jar:1.10.3]
	at org.junit.platform.launcher.core.EngineExecutionOrchestrator.execute(EngineExecutionOrchestrator.java:169) ~[junit-platform-launcher-1.10.3.jar:1.10.3]
	at org.junit.platform.launcher.core.EngineExecutionOrchestrator.execute(EngineExecutionOrchestrator.java:93) ~[junit-platform-launcher-1.10.3.jar:1.10.3]
	at org.junit.platform.launcher.core.EngineExecutionOrchestrator.lambda$execute$0(EngineExecutionOrchestrator.java:58) ~[junit-platform-launcher-1.10.3.jar:1.10.3]
	at org.junit.platform.launcher.core.EngineExecutionOrchestrator.withInterceptedStreams(EngineExecutionOrchestrator.java:141) ~[junit-platform-launcher-1.10.3.jar:1.10.3]
	at org.junit.platform.launcher.core.EngineExecutionOrchestrator.execute(EngineExecutionOrchestrator.java:57) ~[junit-platform-launcher-1.10.3.jar:1.10.3]
	at org.junit.platform.launcher.core.DefaultLauncher.execute(DefaultLauncher.java:103) ~[junit-platform-launcher-1.10.3.jar:1.10.3]
	at org.junit.platform.launcher.core.DefaultLauncher.execute(DefaultLauncher.java:85) ~[junit-platform-launcher-1.10.3.jar:1.10.3]
	at org.junit.platform.launcher.core.DelegatingLauncher.execute(DelegatingLauncher.java:47) ~[junit-platform-launcher-1.10.3.jar:1.10.3]
	at org.apache.maven.surefire.junitplatform.LazyLauncher.execute(LazyLauncher.java:56) ~[surefire-junit-platform-3.2.5.jar:3.2.5]
	at org.apache.maven.surefire.junitplatform.JUnitPlatformProvider.execute(JUnitPlatformProvider.java:184) ~[surefire-junit-platform-3.2.5.jar:3.2.5]
	at org.apache.maven.surefire.junitplatform.JUnitPlatformProvider.invokeAllTests(JUnitPlatformProvider.java:148) ~[surefire-junit-platform-3.2.5.jar:3.2.5]
	at org.apache.maven.surefire.junitplatform.JUnitPlatformProvider.invoke(JUnitPlatformProvider.java:122) ~[surefire-junit-platform-3.2.5.jar:3.2.5]
	at org.apache.maven.surefire.booter.ForkedBooter.runSuitesInProcess(ForkedBooter.java:385) ~[surefire-booter-3.2.5.jar:3.2.5]
	at org.apache.maven.surefire.booter.ForkedBooter.execute(ForkedBooter.java:162) ~[surefire-booter-3.2.5.jar:3.2.5]
	at org.apache.maven.surefire.booter.ForkedBooter.run(ForkedBooter.java:507) ~[surefire-booter-3.2.5.jar:3.2.5]
	at org.apache.maven.surefire.booter.ForkedBooter.main(ForkedBooter.java:495) ~[surefire-booter-3.2.5.jar:3.2.5]
Caused by: org.springframework.beans.factory.BeanDefinitionStoreException: Invalid bean definition with name 'userMapper' defined in file [D:\A_IDE\Code\items\Qiaopi\Qiaopi-server\target\classes\com\qiaopi\mapper\UserMapper.class]: Invalid value type for attribute 'factoryBeanObjectType': java.lang.String
	at org.springframework.beans.factory.support.AbstractAutowireCapableBeanFactory.getTypeForFactoryBean(AbstractAutowireCapableBeanFactory.java:857) ~[spring-beans-6.1.12.jar:6.1.12]
	at org.springframework.beans.factory.support.AbstractBeanFactory.getType(AbstractBeanFactory.java:743) ~[spring-beans-6.1.12.jar:6.1.12]
	at org.springframework.beans.factory.support.DefaultListableBeanFactory.findAnnotationOnBean(DefaultListableBeanFactory.java:735) ~[spring-beans-6.1.12.jar:6.1.12]
	at org.springframework.boot.sql.init.dependency.AnnotationDependsOnDatabaseInitializationDetector.detect(AnnotationDependsOnDatabaseInitializationDetector.java:36) ~[spring-boot-3.3.3.jar:3.3.3]
	at org.springframework.boot.sql.init.dependency.DatabaseInitializationDependencyConfigurer$DependsOnDatabaseInitializationPostProcessor.detectDependsOnInitializationBeanNames(DatabaseInitializationDependencyConfigurer.java:152) ~[spring-boot-3.3.3.jar:3.3.3]
	at org.springframework.boot.sql.init.dependency.DatabaseInitializationDependencyConfigurer$DependsOnDatabaseInitializationPostProcessor.postProcessBeanFactory(DatabaseInitializationDependencyConfigurer.java:115) ~[spring-boot-3.3.3.jar:3.3.3]
	at org.springframework.context.support.PostProcessorRegistrationDelegate.invokeBeanFactoryPostProcessors(PostProcessorRegistrationDelegate.java:363) ~[spring-context-6.1.12.jar:6.1.12]
	at org.springframework.context.support.PostProcessorRegistrationDelegate.invokeBeanFactoryPostProcessors(PostProcessorRegistrationDelegate.java:197) ~[spring-context-6.1.12.jar:6.1.12]
	at org.springframework.context.support.AbstractApplicationContext.invokeBeanFactoryPostProcessors(AbstractApplicationContext.java:789) ~[spring-context-6.1.12.jar:6.1.12]
	at org.springframework.context.support.AbstractApplicationContext.refresh(AbstractApplicationContext.java:607) ~[spring-context-6.1.12.jar:6.1.12]
	at org.springframework.boot.SpringApplication.refresh(SpringApplication.java:754) ~[spring-boot-3.3.3.jar:3.3.3]
	at org.springframework.boot.SpringApplication.refreshContext(SpringApplication.java:456) ~[spring-boot-3.3.3.jar:3.3.3]
	at org.springframework.boot.SpringApplication.run(SpringApplication.java:335) ~[spring-boot-3.3.3.jar:3.3.3]
	at org.springframework.boot.test.context.SpringBootContextLoader.lambda$loadContext$3(SpringBootContextLoader.java:137) ~[spring-boot-test-3.3.3.jar:3.3.3]
	at org.springframework.util.function.ThrowingSupplier.get(ThrowingSupplier.java:58) ~[spring-core-6.1.12.jar:6.1.12]
	at org.springframework.util.function.ThrowingSupplier.get(ThrowingSupplier.java:46) ~[spring-core-6.1.12.jar:6.1.12]
	at org.springframework.boot.SpringApplication.withHook(SpringApplication.java:1463) ~[spring-boot-3.3.3.jar:3.3.3]
	at org.springframework.boot.test.context.SpringBootContextLoader$ContextLoaderHook.run(SpringBootContextLoader.java:553) ~[spring-boot-test-3.3.3.jar:3.3.3]
	at org.springframework.boot.test.context.SpringBootContextLoader.loadContext(SpringBootContextLoader.java:137) ~[spring-boot-test-3.3.3.jar:3.3.3]
	at org.springframework.boot.test.context.SpringBootContextLoader.loadContext(SpringBootContextLoader.java:108) ~[spring-boot-test-3.3.3.jar:3.3.3]
	at org.springframework.test.context.cache.DefaultCacheAwareContextLoaderDelegate.loadContextInternal(DefaultCacheAwareContextLoaderDelegate.java:225) ~[spring-test-6.1.12.jar:6.1.12]
	at org.springframework.test.context.cache.DefaultCacheAwareContextLoaderDelegate.loadContext(DefaultCacheAwareContextLoaderDelegate.java:152) ~[spring-test-6.1.12.jar:6.1.12]
	... 73 common frames omitted

]]></system-out>
    <system-err><![CDATA[


============================
CONDITIONS EVALUATION REPORT
============================


Positive matches:
-----------------

    None


Negative matches:
-----------------

    None


Exclusions:
-----------

    None


Unconditional classes:
----------------------

    None



]]></system-err>
  </testcase>
</testsuite>